                              | PREDICT_________________________________| EXACT_________
MM/DD/YYYY HH/MM/SS    DATA   | ENERGY       MSE_E        MSE_F         | ENERGY        | 
------------------------------------------------------------------------------------------
01/24/2025 19:09:48    0      | -17659.82    9.536743e-05 0.03481295    | -17659.83    
01/24/2025 19:09:49    1      | -17659.11    0.07370377   0.139249      | -17658.83    
01/24/2025 19:09:49    2      | -17659.01    0            0.1475484     | -17659.01    
01/24/2025 19:09:49    3      | -17659.31    0.008071899  0.04125728    | -17659.22    
01/24/2025 19:09:49    4      | -17659.14    0.005802155  0.04081516    | -17659.07    
01/24/2025 19:09:49    5      | -17659.46    0.002780914  0.02891877    | -17659.41    
01/24/2025 19:09:50    6      | -17658.97    0.006103516  0.04299315    | -17658.89    
01/24/2025 19:09:50    7      | -17659.44    0.008789062  0.03482851    | -17659.35    
01/24/2025 19:09:50    8      | -17659.78    0.001846313  0.01695277    | -17659.74    
01/24/2025 19:09:50    9      | -17659.81    0.01816177   0.01709755    | -17659.68    
01/24/2025 19:09:50    10     | -17659.24    0.008071899  0.02910021    | -17659.15    
01/24/2025 19:09:50    11     | -17659.1     0.0008583069 0.0376182     | -17659.13    
01/24/2025 19:09:50    12     | -17660.13    0.01283264   0.01031725    | -17660.02    
01/24/2025 19:09:50    13     | -17659.72    0.01373291   0.02234425    | -17659.6     
01/24/2025 19:09:50    14     | -17659.33    0.00320816   0.02507344    | -17659.27    
01/24/2025 19:09:50    15     | -17658.99    0.002017975  0.03246769    | -17658.95    
01/24/2025 19:09:50    16     | -17659.89    0.002197266  0.02295619    | -17659.84    
01/24/2025 19:09:50    17     | -17659.56    0.001846313  0.01991147    | -17659.51    
01/24/2025 19:09:50    18     | -17659.91    0.004943848  0.01733571    | -17659.84    
01/24/2025 19:09:50    19     | -17659.94    0.002384186  0.01173432    | -17659.89    
01/24/2025 19:09:50    20     | -17659.62    0.01071548   0.02201474    | -17659.52    
01/24/2025 19:09:50    21     | -17659.46    0.006103516  0.04412897    | -17659.38    
01/24/2025 19:09:50    22     | -17658.96    0.015625     0.04311751    | -17658.84    
01/24/2025 19:09:50    23     | -17659.39    0.002578735  0.01864991    | -17659.34    
01/24/2025 19:09:50    24     | -17658.67    6.103516e-05 0.06164281    | -17658.67    
01/24/2025 19:09:50    25     | -17659.5     0.006412506  0.02910606    | -17659.42    
01/24/2025 19:09:50    26     | -17659.4     0.009536743  0.04342612    | -17659.31    
01/24/2025 19:09:50    27     | -17659.44    0.015625     0.02939729    | -17659.31    
01/24/2025 19:09:50    28     | -17658.87    0.01419449   0.06562683    | -17658.75    
01/24/2025 19:09:50    29     | -17659.36    0.005802155  0.036938      | -17659.29    
01/24/2025 19:09:50    30     | -17659.51    0.001377106  0.05995114    | -17659.48    
01/24/2025 19:09:50    31     | -17659.58    0.01327896   0.02487144    | -17659.46    
01/24/2025 19:09:50    32     | -17659.96    0.015625     0.0192542     | -17659.83    
01/24/2025 19:09:50    33     | -17659.58    0.02627945   0.08867383    | -17659.42    
01/24/2025 19:09:50    34     | -17659.21    0.01977539   0.03734937    | -17659.07    
01/24/2025 19:09:50    35     | -17659.1     0.03814697   0.03912079    | -17658.91    
01/24/2025 19:09:50    36     | -17659.61    0.005508423  0.03132583    | -17659.54    
01/24/2025 19:09:50    37     | -17659.76    0.003665924  0.01341648    | -17659.7     
01/24/2025 19:09:50    38     | -17659.44    0.0002441406 0.06871562    | -17659.42    
01/24/2025 19:09:50    39     | -17659.63    0.004673004  0.01521966    | -17659.56    
01/24/2025 19:09:50    40     | -17659.69    0.009536743  0.02340128    | -17659.6     
01/24/2025 19:09:50    41     | -17659.67    0.006729126  0.03551622    | -17659.59    
01/24/2025 19:09:50    42     | -17659.33    0.0008583069 0.01977577    | -17659.36    
01/24/2025 19:09:50    43     | -17659.16    0.07691956   0.0690336     | -17659.44    
01/24/2025 19:09:50    44     | -17659.17    0.0008583069 0.04350046    | -17659.2     
01/24/2025 19:09:50    45     | -17659.61    3.814697e-06 0.0146232     | -17659.61    
01/24/2025 19:09:50    46     | -17659.52    0.005222321  0.02041471    | -17659.45    
01/24/2025 19:09:50    47     | -17659.55    0.008789062  0.0220951     | -17659.46    
01/24/2025 19:09:50    48     | -17659.37    0.02441406   0.05141684    | -17659.21    
01/24/2025 19:09:50    49     | -17659.24    0.01977539   0.01793132    | -17659.1     
01/24/2025 19:09:50    50     | -17659.27    0.001525879  0.0409075     | -17659.23    
01/24/2025 19:09:50    51     | -17659.21    0.001102448  0.04545384    | -17659.24    
01/24/2025 19:09:50    52     | -17659.44    0.001102448  0.04870049    | -17659.41    
01/24/2025 19:09:50    53     | -17658.96    0.004673004  0.05443734    | -17658.89    
01/24/2025 19:09:50    54     | -17659.24    0.007053375  0.04915429    | -17659.32    
01/24/2025 19:09:50    55     | -17659.83    0.009922028  0.03306819    | -17659.73    
01/24/2025 19:09:50    56     | -17659.26    0.007724762  0.02596086    | -17659.17    
01/24/2025 19:09:50    57     | -17659.37    1.525879e-05 0.03095449    | -17659.36    
01/24/2025 19:09:50    58     | -17659.35    0.02502823   0.0310832     | -17659.19    
01/24/2025 19:09:51    59     | -17659.72    0.002197266  0.01819554    | -17659.67    
01/24/2025 19:09:51    60     | -17659.64    0.0007476807 0.03361816    | -17659.61    
01/24/2025 19:09:51    61     | -17659.46    0.03891373   0.03382182    | -17659.26    
01/24/2025 19:09:51    62     | -17659.74    0.02032852   0.04785865    | -17659.6     
01/24/2025 19:09:51    63     | -17659.77    0.001525879  0.02686671    | -17659.73    
01/24/2025 19:09:51    64     | -17659.2     0.107666     0.1076261     | -17658.87    
01/24/2025 19:09:51    65     | -17659.25    0.02032852   0.04499292    | -17659.39    
01/24/2025 19:09:51    66     | -17659.83    0.004943848  0.01630113    | -17659.76    
01/24/2025 19:09:51    67     | -17659.46    0.01239395   0.03818286    | -17659.34    
01/24/2025 19:09:51    68     | -17658.75    0.0007476807 0.05665332    | -17658.73    
01/24/2025 19:09:51    69     | -17659.22    0.001682281  0.06271803    | -17659.18    
01/24/2025 19:09:51    70     | -17658.61    0.001377106  0.05168926    | -17658.64    
01/24/2025 19:09:51    71     | -17659.66    0.0008583069 0.02217059    | -17659.69    
01/24/2025 19:09:51    72     | -17659.52    6.103516e-05 0.04447612    | -17659.53    
01/24/2025 19:09:51    73     | -17659.73    0.04700089   0.2782481     | -17659.52    
01/24/2025 19:09:51    74     | -17659.38    0.00390625   0.01726478    | -17659.32    
01/24/2025 19:09:51    75     | -17659.74    3.433228e-05 0.01446687    | -17659.73    
01/24/2025 19:09:51    76     | -17659.1     0.0007476807 0.03883658    | -17659.07    
01/24/2025 19:09:51    77     | -17659.52    0.00440979   0.01937515    | -17659.45    
01/24/2025 19:09:51    78     | -17658.64    3.433228e-05 0.03826797    | -17658.65    
01/24/2025 19:09:51    79     | -17659.65    0.01283264   0.02646452    | -17659.54    
01/24/2025 19:09:51    80     | -17659.57    0.001235962  0.02592955    | -17659.54    
01/24/2025 19:09:51    81     | -17659.26    0.003433228  0.03146575    | -17659.32    
01/24/2025 19:09:51    82     | -17659.55    3.814697e-06 0.02665378    | -17659.55    
01/24/2025 19:09:51    83     | -17659.1     0.006103516  0.04306921    | -17659.18    
01/24/2025 19:09:51    84     | -17659.7     0.003433228  0.03165484    | -17659.76    
01/24/2025 19:09:51    85     | -17659.78    0.04449463   0.03749816    | -17659.56    
01/24/2025 19:09:51    86     | -17658.83    0.001525879  0.05574263    | -17658.79    
01/24/2025 19:09:51    87     | -17659.48    0.03299332   0.02894955    | -17659.29    
01/24/2025 19:09:51    88     | -17659.27    0.004943848  0.02292418    | -17659.34    
01/24/2025 19:09:51    89     | -17659.21    0.001525879  0.03057909    | -17659.25    
01/24/2025 19:09:51    90     | -17659.54    0.02756119   0.03292946    | -17659.37    
01/24/2025 19:09:51    91     | -17659.63    0            0.02542561    | -17659.63    
01/24/2025 19:09:51    92     | -17659.08    0.0001373291 0.02660249    | -17659.06    
01/24/2025 19:09:51    93     | -17659.3     0.0269165    0.06107546    | -17659.46    
01/24/2025 19:09:51    94     | -17659.07    0.006103516  0.07461651    | -17659.15    
01/24/2025 19:09:51    95     | -17659.56    0.0269165    0.0317081     | -17659.39    
01/24/2025 19:09:51    96     | -17659.82    0.02887344   0.03415849    | -17659.65    
01/24/2025 19:09:51    97     | -17658.64    0.001377106  0.05578376    | -17658.6     
01/24/2025 19:09:51    98     | -17659.23    0.04700089   0.1297054     | -17659.01    
01/24/2025 19:09:51    99     | -17658.98    0.07584      0.1034654     | -17658.7     
01/24/2025 19:09:51    100    | -17659.88    0.00440979   0.0162659     | -17659.82    
01/24/2025 19:09:51    101    | -17659.28    0.001377106  0.05848617    | -17659.32    
01/24/2025 19:09:51    102    | -17659.88    0.03021622   0.04572221    | -17659.7     
01/24/2025 19:09:51    103    | -17659.65    0.007724762  0.03526504    | -17659.56    
01/24/2025 19:09:51    104    | -17659.92    0.0002441406 0.02223288    | -17659.9     
01/24/2025 19:09:51    105    | -17659.73    0.02756119   0.05188983    | -17659.57    
01/24/2025 19:09:51    106    | -17659.58    0.03158951   0.03150814    | -17659.41    
01/24/2025 19:09:51    107    | -17659.5     1.525879e-05 0.04109618    | -17659.5     
01/24/2025 19:09:51    108    | -17659.71    0.009159088  0.04252306    | -17659.62    
01/24/2025 19:09:51    109    | -17659.36    0.02565002   0.03941287    | -17659.2     
01/24/2025 19:09:51    110    | -17659.44    0.01712418   0.03462049    | -17659.31    
01/24/2025 19:09:51    111    | -17659.71    3.433228e-05 0.02083834    | -17659.71    
01/24/2025 19:09:51    112    | -17659.17    0.0009765625 0.0334039     | -17659.14    
01/24/2025 19:09:52    113    | -17659.33    0.009536743  0.03195705    | -17659.43    
01/24/2025 19:09:52    114    | -17659.35    0.01419449   0.04017686    | -17659.23    
01/24/2025 19:09:52    115    | -17659.49    0.002197266  0.02633798    | -17659.44    
01/24/2025 19:09:52    116    | -17659.46    0.001846313  0.03312358    | -17659.42    
01/24/2025 19:09:52    117    | -17659.85    0.05311584   0.05202859    | -17659.62    
01/24/2025 19:09:52    118    | -17660.01    0.0001373291 0.02966457    | -17660       
01/24/2025 19:09:52    119    | -17659.58    0.07159805   0.04865811    | -17659.31    
01/24/2025 19:09:52    120    | -17659.17    0.00320816   0.03412477    | -17659.12    
01/24/2025 19:09:52    121    | -17659.43    0.0001373291 0.02477878    | -17659.42    
01/24/2025 19:09:52    122    | -17659.9     0.001846313  0.02373186    | -17659.86    
01/24/2025 19:09:52    123    | -17660.22    0.009922028  0.01975198    | -17660.12    
01/24/2025 19:09:52    124    | -17659.96    0.003665924  0.01611648    | -17659.89    
01/24/2025 19:09:52    125    | -17658.97    0.001102448  0.04817678    | -17658.94    
01/24/2025 19:09:52    126    | -17659.38    0.009536743  0.02024076    | -17659.28    
01/24/2025 19:09:52    127    | -17659.33    0.00390625   0.03101687    | -17659.26    
01/24/2025 19:09:52    128    | -17659.71    0.03158951   0.03139804    | -17659.53    
01/24/2025 19:09:52    129    | -17659.41    0.01327896   0.03300842    | -17659.29    
01/24/2025 19:09:52    130    | -17660.19    0.009922028  0.01623452    | -17660.09    
01/24/2025 19:09:52    131    | -17659.06    0.0004615784 0.2757502     | -17659.08    
01/24/2025 19:09:52    132    | -17659.53    0.0003089905 0.01974425    | -17659.51    
01/24/2025 19:09:52    133    | -17659.6     0.01071548   0.02591303    | -17659.49    
01/24/2025 19:09:52    134    | -17659.54    0.02441406   0.03519484    | -17659.39    
01/24/2025 19:09:52    135    | -17659.04    0.01661682   0.07284241    | -17658.91    
01/24/2025 19:09:52    136    | -17659.48    0.0006446838 0.03430206    | -17659.46    
01/24/2025 19:09:52    137    | -17659.7     0.02627945   0.05158439    | -17659.54    
01/24/2025 19:09:52    138    | -17659.75    0.00440979   0.04445463    | -17659.68    
01/24/2025 19:09:52    139    | -17659.85    0.02032852   0.02144506    | -17659.71    
01/24/2025 19:09:52    140    | -17659.5     0.01327896   0.03613445    | -17659.38    
01/24/2025 19:09:52    141    | -17659.42    0.01283264   0.04492044    | -17659.3     
01/24/2025 19:09:52    142    | -17659.59    0.007385254  0.030532      | -17659.51    
01/24/2025 19:09:52    143    | -17659.54    0.01071548   0.03203104    | -17659.44    
01/24/2025 19:09:52    144    | -17659.18    0.1420937    0.08405371    | -17658.81    
01/24/2025 19:09:52    145    | -17659.63    0.01327896   0.01868709    | -17659.51    
01/24/2025 19:09:52    146    | -17659.86    0.00440979   0.02482064    | -17659.79    
01/24/2025 19:09:52    147    | -17658.99    0.01327896   0.02275481    | -17658.88    
01/24/2025 19:09:52    148    | -17659.35    0.01977539   0.03771273    | -17659.21    
01/24/2025 19:09:52    149    | -17659.3     0.004943848  0.02703936    | -17659.23    
01/24/2025 19:09:52    150    | -17659.91    0.001682281  0.02059471    | -17659.87    
01/24/2025 19:09:52    151    | -17659.76    0.001102448  0.03528658    | -17659.79    
01/24/2025 19:09:52    152    | -17659.99    0.03089905   0.02209374    | -17659.81    
01/24/2025 19:09:52    153    | -17659.99    0.07800674   0.03853619    | -17659.71    
01/24/2025 19:09:52    154    | -17659.86    0.06446838   0.02582649    | -17659.6     
01/24/2025 19:09:52    155    | -17660.04    0.0282135    0.01916059    | -17659.88    
01/24/2025 19:09:52    156    | -17659.43    0.03891373   0.03352087    | -17659.23    
01/24/2025 19:09:52    157    | -17659.32    0.002017975  0.02613436    | -17659.27    
01/24/2025 19:09:52    158    | -17659.45    0.002990723  0.03757553    | -17659.4     
01/24/2025 19:09:52    159    | -17660.13    0.01071548   0.01827594    | -17660.03    
01/24/2025 19:09:52    160    | -17659.84    0.06348038   0.02374372    | -17659.58    
01/24/2025 19:09:52    161    | -17659.74    0.02756119   0.0146923     | -17659.58    
01/24/2025 19:09:52    162    | -17660.03    0.01922989   0.02042323    | -17659.89    
01/24/2025 19:09:52    163    | -17659.29    0.03089905   0.02816034    | -17659.12    
01/24/2025 19:09:53    164    | -17659.8     0.0009765625 0.02832912    | -17659.77    
01/24/2025 19:09:53    165    | -17659.74    0.01977539   0.01834287    | -17659.6     
01/24/2025 19:09:53    166    | -17660.06    0.01661682   0.01411366    | -17659.93    
01/24/2025 19:09:53    167    | -17659.35    0.00390625   0.03794609    | -17659.28    
01/24/2025 19:09:53    168    | -17659.78    0.01071548   0.01924482    | -17659.68    
01/24/2025 19:09:53    169    | -17659.88    0.01514053   0.03066957    | -17659.76    
01/24/2025 19:09:53    170    | -17659.35    0.02088928   0.02393651    | -17659.2     
01/24/2025 19:09:53    171    | -17659.64    0.01031494   0.02606026    | -17659.54    
01/24/2025 19:09:53    172    | -17659.76    0.001682281  0.02469259    | -17659.72    
01/24/2025 19:09:53    173    | -17659.38    0.01239395   0.02468001    | -17659.26    
01/24/2025 19:09:53    174    | -17659.09    0.001102448  0.02979547    | -17659.06    
01/24/2025 19:09:53    175    | -17659.16    0.006412506  0.05336019    | -17659.24    
01/24/2025 19:09:53    176    | -17659.3     0.01327896   0.04712343    | -17659.19    
01/24/2025 19:09:53    177    | -17659.63    0.008071899  0.02998505    | -17659.54    
01/24/2025 19:09:53    178    | -17659.71    0.007053375  0.02845959    | -17659.63    
01/24/2025 19:09:53    179    | -17659.42    0.0001869202 0.02430189    | -17659.4     
01/24/2025 19:09:53    180    | -17659.94    0.0009765625 0.01682885    | -17659.91    
01/24/2025 19:09:53    181    | -17659.46    0.007724762  0.02650034    | -17659.55    
01/24/2025 19:09:53    182    | -17659.27    0.001525879  0.04834394    | -17659.23    
01/24/2025 19:09:53    183    | -17658.85    0.06747818   0.0907895     | -17658.59    
01/24/2025 19:09:53    184    | -17659.12    0.003665924  0.02607589    | -17659.18    
01/24/2025 19:09:53    185    | -17659.52    0.004673004  0.05166192    | -17659.46    
01/24/2025 19:09:53    186    | -17659.3     0.009922028  0.0329        | -17659.2     
01/24/2025 19:09:53    187    | -17659.27    0.0005493164 0.02134184    | -17659.29    
01/24/2025 19:09:53    188    | -17659.6     0.001846313  0.0324549     | -17659.55    
01/24/2025 19:09:53    189    | -17659.36    0.03021622   0.05978743    | -17659.18    
01/24/2025 19:09:53    190    | -17659.66    9.536743e-05 0.03224909    | -17659.67    
01/24/2025 19:09:53    191    | -17658.73    3.814697e-06 0.06709046    | -17658.73    
01/24/2025 19:09:53    192    | -17659.46    0.002990723  0.03825638    | -17659.41    
01/24/2025 19:09:53    193    | -17659.56    0.002780914  0.03075576    | -17659.51    
01/24/2025 19:09:53    194    | -17659       0.002578735  0.03776419    | -17659.05    
01/24/2025 19:09:53    195    | -17659.89    0.00390625   0.01575175    | -17659.82    
01/24/2025 19:09:53    196    | -17659.63    0.001682281  0.02661122    | -17659.59    
01/24/2025 19:09:53    197    | -17659.11    0.01514053   0.0893812     | -17658.98    
01/24/2025 19:09:53    198    | -17659.92    0.01327896   0.03719241    | -17659.8     
01/24/2025 19:09:53    199    | -17659.15    0.0161171    0.0391643     | -17659.02    
01/24/2025 19:09:53    200    | -17658.93    0.0004615784 0.1214612     | -17658.91    
01/24/2025 19:09:53    201    | -17659.58    0.0146637    0.03433806    | -17659.46    
01/24/2025 19:09:53    202    | -17659.86    0.01153946   0.01775514    | -17659.75    
01/24/2025 19:09:53    203    | -17659.2     0.004673004  0.04620526    | -17659.27    
01/24/2025 19:09:53    204    | -17659.51    0.007053375  0.0355429     | -17659.43    
01/24/2025 19:09:53    205    | -17659.59    0.0005493164 0.02918123    | -17659.61    
01/24/2025 19:09:53    206    | -17659.91    0.003665924  0.0262936     | -17659.85    
01/24/2025 19:09:53    207    | -17659.26    0.008071899  0.0271062     | -17659.17    
01/24/2025 19:09:53    208    | -17659.48    0.002017975  0.02354163    | -17659.43    
01/24/2025 19:09:53    209    | -17659.36    0.005508423  0.02913052    | -17659.29    
01/24/2025 19:09:53    210    | -17660.27    0.0002441406 0.01553612    | -17660.29    
01/24/2025 19:09:53    211    | -17659.93    0.004673004  0.02298157    | -17659.86    
01/24/2025 19:09:53    212    | -17659.3     0.002384186  0.02746843    | -17659.25    
01/24/2025 19:09:53    213    | -17659.61    0.01373291   0.1023424     | -17659.49    
01/24/2025 19:09:54    214    | -17659.31    0            0.01412012    | -17659.31    
01/24/2025 19:09:54    215    | -17659.71    0.0001869202 0.01564674    | -17659.7     
01/24/2025 19:09:54    216    | -17659.21    0.009922028  0.04627594    | -17659.11    
01/24/2025 19:09:54    217    | -17660.07    0.02261734   0.01988918    | -17659.92    
01/24/2025 19:09:54    218    | -17659.73    0.0007476807 0.02239176    | -17659.76    
01/24/2025 19:09:54    219    | -17659.27    0.0161171    0.04402446    | -17659.15    
01/24/2025 19:09:54    220    | -17659.35    0.0684967    0.1684481     | -17659.09    
01/24/2025 19:09:54    221    | -17659.29    0.003433228  0.03330481    | -17659.23    
01/24/2025 19:09:54    222    | -17659.71    0.01239395   0.01795627    | -17659.6     
01/24/2025 19:09:54    223    | -17659.97    0.008789062  0.01000408    | -17659.88    
01/24/2025 19:09:54    224    | -17659.36    0.01031494   0.03497867    | -17659.25    
01/24/2025 19:09:54    225    | -17659.36    0.02261734   0.1504008     | -17659.21    
01/24/2025 19:09:54    226    | -17659.44    0.0001869202 0.03119728    | -17659.43    
01/24/2025 19:09:54    227    | -17659.2     0.0002441406 0.03328653    | -17659.19    
01/24/2025 19:09:54    228    | -17659.5     0.001846313  0.01981099    | -17659.45    
01/24/2025 19:09:54    229    | -17659.63    0.001235962  0.02503781    | -17659.59    
01/24/2025 19:09:54    230    | -17659.41    0.02320862   0.02613197    | -17659.25    
01/24/2025 19:09:54    231    | -17659.48    0.009159088  0.03637233    | -17659.38    
01/24/2025 19:09:54    232    | -17659.47    0.01283264   0.03287841    | -17659.36    
01/24/2025 19:09:54    233    | -17660.02    0.009922028  0.02216623    | -17659.92    
01/24/2025 19:09:54    234    | -17660.06    0.01514053   0.02710471    | -17659.93    
01/24/2025 19:09:54    235    | -17660.05    0.01816177   0.02071264    | -17659.91    
01/24/2025 19:09:54    236    | -17659.47    0.008789062  0.03420385    | -17659.38    
01/24/2025 19:09:54    237    | -17660.06    0.01112366   0.02604168    | -17659.96    
01/24/2025 19:09:54    238    | -17659.88    0.009159088  0.02627373    | -17659.79    
01/24/2025 19:09:54    239    | -17659.62    0.002017975  0.0368492     | -17659.66    
01/24/2025 19:09:54    240    | -17659.86    0.02756119   0.02844665    | -17659.69    
01/24/2025 19:09:54    241    | -17659.55    0.03158951   0.03430856    | -17659.37    
01/24/2025 19:09:54    242    | -17660.07    3.433228e-05 0.01586409    | -17660.07    
01/24/2025 19:09:54    243    | -17659.61    0.001846313  0.02147423    | -17659.57    
01/24/2025 19:09:54    244    | -17659.66    0.04047012   0.04807866    | -17659.46    
01/24/2025 19:09:54    245    | -17659.8     0.007385254  0.0230446     | -17659.71    
01/24/2025 19:09:54    246    | -17659.38    0.02380753   0.03387857    | -17659.23    
01/24/2025 19:09:54    247    | -17659.76    0.009922028  0.0196246     | -17659.66    
01/24/2025 19:09:54    248    | -17659.33    0.0005493164 0.03097403    | -17659.3     
01/24/2025 19:09:54    249    | -17658.47    0.002990723  0.05602479    | -17658.52    
01/24/2025 19:09:54    250    | -17659.23    3.814697e-06 0.03101051    | -17659.23    
01/24/2025 19:09:54    251    | -17660.03    0.006103516  0.01356734    | -17659.96    
01/24/2025 19:09:54    252    | -17660.11    0.02145767   0.02184399    | -17659.96    
01/24/2025 19:09:54    253    | -17659.4     0.0003089905 0.02982458    | -17659.38    
01/24/2025 19:09:54    254    | -17659.6     0.01153946   0.03870066    | -17659.49    
01/24/2025 19:09:54    255    | -17659.75    0.005508423  0.02972966    | -17659.68    
01/24/2025 19:09:54    256    | -17659.67    0.01071548   0.0210481     | -17659.56    
01/24/2025 19:09:54    257    | -17659.09    0.01712418   0.03204604    | -17658.96    
01/24/2025 19:09:54    258    | -17659.72    0.01327896   0.02462793    | -17659.61    
01/24/2025 19:09:54    259    | -17659.51    0.03158951   0.02200976    | -17659.33    
01/24/2025 19:09:54    260    | -17659.85    0.0282135    0.04689905    | -17659.68    
01/24/2025 19:09:54    261    | -17659.71    0.0005493164 0.02046012    | -17659.73    
01/24/2025 19:09:54    262    | -17659.75    0.05401993   0.0402887     | -17659.52    
01/24/2025 19:09:54    263    | -17659.71    0.004673004  0.04292479    | -17659.64    
01/24/2025 19:09:54    264    | -17659.72    0.0007476807 0.0321126     | -17659.69    
01/24/2025 19:09:55    265    | -17659.13    0.01283264   0.04571918    | -17659.02    
01/24/2025 19:09:55    266    | -17659.52    0.01112366   0.02873514    | -17659.41    
01/24/2025 19:09:55    267    | -17659.21    0.002990723  0.04929389    | -17659.27    
01/24/2025 19:09:55    268    | -17659.41    0.01239395   0.03929709    | -17659.29    
01/24/2025 19:09:55    269    | -17659.72    0.007385254  0.02866152    | -17659.64    
01/24/2025 19:09:55    270    | -17659.93    0.003433228  0.01322799    | -17659.87    
01/24/2025 19:09:55    271    | -17659.75    0.00320816   0.02513715    | -17659.69    
01/24/2025 19:09:55    272    | -17659.45    0.01239395   0.03479451    | -17659.34    
01/24/2025 19:09:55    273    | -17659.67    0.01661682   0.03788516    | -17659.54    
01/24/2025 19:09:55    274    | -17659.66    0.001102448  0.01643854    | -17659.63    
01/24/2025 19:09:55    275    | -17659.44    0.002990723  0.0256658     | -17659.38    
01/24/2025 19:09:55    276    | -17659.83    0.01196289   0.02032656    | -17659.72    
01/24/2025 19:09:55    277    | -17660.05    9.536743e-05 0.009225345   | -17660.04    
01/24/2025 19:09:55    278    | -17659.48    0.005508423  0.03647826    | -17659.4     
01/24/2025 19:09:55    279    | -17659.56    0.002780914  0.02748746    | -17659.61    
01/24/2025 19:09:55    280    | -17659.8     0.01869202   0.02232937    | -17659.66    
01/24/2025 19:09:55    281    | -17659.74    0.001102448  0.02152462    | -17659.7     
01/24/2025 19:09:55    282    | -17659.26    0.0009765625 0.01987525    | -17659.29    
01/24/2025 19:09:55    283    | -17659.12    0.001235962  0.03344722    | -17659.09    
01/24/2025 19:09:55    284    | -17659.16    0.005222321  0.03106353    | -17659.09    
01/24/2025 19:09:55    285    | -17659.2     0.0008583069 0.05168049    | -17659.17    
01/24/2025 19:09:55    286    | -17659.26    0.01283264   0.1122878     | -17659.14    
01/24/2025 19:09:55    287    | -17659.19    0.0005493164 0.0516695     | -17659.21    
01/24/2025 19:09:55    288    | -17659.16    0.08929825   0.052127      | -17658.86    
01/24/2025 19:09:55    289    | -17659.7     0.0003089905 0.02678086    | -17659.72    
01/24/2025 19:09:55    290    | -17658.98    0.002578735  0.04152363    | -17658.93    
01/24/2025 19:09:55    291    | -17660.1     0.0146637    0.02261793    | -17659.98    
01/24/2025 19:09:55    292    | -17659.42    0.006729126  0.02843147    | -17659.5     
01/24/2025 19:09:55    293    | -17659.7     0.005802155  0.01694873    | -17659.62    
01/24/2025 19:09:55    294    | -17660.43    0.006729126  0.01375294    | -17660.35    
01/24/2025 19:09:55    295    | -17659.28    0.02756119   0.03573201    | -17659.12    
01/24/2025 19:09:55    296    | -17659.24    0.06152725   0.03736447    | -17658.99    
01/24/2025 19:09:55    297    | -17659.25    0.002578735  0.031776      | -17659.2     
01/24/2025 19:09:55    298    | -17659.21    0.001846313  0.02549344    | -17659.16    
01/24/2025 19:09:55    299    | -17659.81    0.009922028  0.02334837    | -17659.71    
01/24/2025 19:09:55    300    | -17659.68    0.001377106  0.01629412    | -17659.65    
01/24/2025 19:09:55    301    | -17659.45    3.433228e-05 0.02537326    | -17659.45    
01/24/2025 19:09:55    302    | -17659.37    0.001377106  0.02717854    | -17659.34    
01/24/2025 19:09:55    303    | -17659.38    0.008426666  0.03682731    | -17659.47    
01/24/2025 19:09:55    304    | -17659.64    0.00390625   0.02973776    | -17659.57    
01/24/2025 19:09:55    305    | -17659.86    0.002197266  0.01585501    | -17659.82    
01/24/2025 19:09:55    306    | -17659.4     0.001102448  0.03459822    | -17659.36    
01/24/2025 19:09:55    307    | -17658.83    0.001846313  0.05287885    | -17658.79    
01/24/2025 19:09:55    308    | -17659.31    0.005802155  0.06966133    | -17659.24    
01/24/2025 19:09:55    309    | -17659.59    0.01419449   0.01672153    | -17659.47    
01/24/2025 19:09:55    310    | -17658.6     0.00320816   0.06566796    | -17658.54    
01/24/2025 19:09:55    311    | -17659.5     0.005802155  0.02691551    | -17659.42    
01/24/2025 19:09:55    312    | -17659.55    0.01153946   0.02713022    | -17659.66    
01/24/2025 19:09:55    313    | -17659.28    0.009922028  0.02543567    | -17659.18    
01/24/2025 19:09:55    314    | -17659.53    0.01763916   0.01189926    | -17659.4     
01/24/2025 19:09:55    315    | -17659.49    0.007724762  0.0210858     | -17659.41    
01/24/2025 19:09:55    316    | -17659.5     0.008789062  0.03017131    | -17659.41    
01/24/2025 19:09:55    317    | -17659.55    0.02088928   0.03013249    | -17659.41    
01/24/2025 19:09:55    318    | -17659.07    0.04785156   0.03343361    | -17658.85    
01/24/2025 19:09:56    319    | -17659.88    0.02565002   0.01680821    | -17659.72    
01/24/2025 19:09:56    320    | -17659.8     0.01922989   0.01476247    | -17659.66    
01/24/2025 19:09:56    321    | -17659.6     0.03515625   0.05346819    | -17659.41    
01/24/2025 19:09:56    322    | -17659.35    0.006412506  0.02834257    | -17659.27    
01/24/2025 19:09:56    323    | -17660.28    0.002384186  0.01451349    | -17660.23    
01/24/2025 19:09:56    324    | -17659.84    0.01327896   0.02604794    | -17659.72    
01/24/2025 19:09:56    325    | -17659.45    0.01922989   0.0197518     | -17659.31    
01/24/2025 19:09:56    326    | -17659.47    0.0008583069 0.102915      | -17659.44    
01/24/2025 19:09:56    327    | -17659.05    0.02441406   0.0451703     | -17658.89    
01/24/2025 19:09:56    328    | -17659.27    0.00390625   0.03448863    | -17659.21    
01/24/2025 19:09:56    329    | -17659.97    0.01153946   0.02232375    | -17659.87    
01/24/2025 19:09:56    330    | -17659.26    0.02145767   0.0312513     | -17659.12    
01/24/2025 19:09:56    331    | -17659.73    0.002197266  0.03704918    | -17659.68    
01/24/2025 19:09:56    332    | -17659.37    0.009159088  0.06759561    | -17659.46    
01/24/2025 19:09:56    333    | -17658.71    0.0001869202 0.03643667    | -17658.72    
01/24/2025 19:09:56    334    | -17659.26    0.0161171    0.07671906    | -17659.13    
01/24/2025 19:09:56    335    | -17659.69    1.525879e-05 0.04195472    | -17659.68    
01/24/2025 19:09:56    336    | -17659.05    0.008071899  0.03896296    | -17658.96    
01/24/2025 19:09:56    337    | -17659.58    0.0003089905 0.0339235     | -17659.56    
01/24/2025 19:09:56    338    | -17659.6     0.006103516  0.0215843     | -17659.53    
01/24/2025 19:09:56    339    | -17659.07    0.002017975  0.03684296    | -17659.02    
01/24/2025 19:09:56    340    | -17659.52    0.005802155  0.01880941    | -17659.45    
01/24/2025 19:09:56    341    | -17659.48    1.525879e-05 0.018991      | -17659.48    
01/24/2025 19:09:56    342    | -17659.59    0.009536743  0.02717071    | -17659.5     
01/24/2025 19:09:56    343    | -17659.79    0.007724762  0.02226115    | -17659.7     
01/24/2025 19:09:56    344    | -17659.39    0.006412506  0.03623682    | -17659.31    
01/24/2025 19:09:56    345    | -17659.55    0.01977539   0.0431424     | -17659.41    
01/24/2025 19:09:56    346    | -17659.16    0.01514053   0.03276501    | -17659.04    
01/24/2025 19:09:56    347    | -17659.6     0.01031494   0.03271687    | -17659.5     
01/24/2025 19:09:56    348    | -17659.62    0.01922989   0.02398094    | -17659.48    
01/24/2025 19:09:56    349    | -17659.7     9.536743e-05 0.01760242    | -17659.69    
01/24/2025 19:09:56    350    | -17659.86    0.006412506  0.02249741    | -17659.78    
01/24/2025 19:09:56    351    | -17658.96    0.008789062  0.03602612    | -17658.87    
01/24/2025 19:09:56    352    | -17659.52    0.003433228  0.01869124    | -17659.57    
01/24/2025 19:09:56    353    | -17659.8     0.007724762  0.03006406    | -17659.71    
01/24/2025 19:09:56    354    | -17659.49    0.001682281  0.03263069    | -17659.45    
01/24/2025 19:09:56    355    | -17659.52    0.002780914  0.02753482    | -17659.47    
01/24/2025 19:09:56    356    | -17658.94    0.00320816   0.03497642    | -17658.88    
01/24/2025 19:09:56    357    | -17660.05    0.005222321  0.01682547    | -17659.97    
01/24/2025 19:09:56    358    | -17659.64    0.01661682   0.02207517    | -17659.51    
01/24/2025 19:09:56    359    | -17660.06    0.009159088  0.03845678    | -17659.96    
01/24/2025 19:09:56    360    | -17659.46    0.0004615784 0.02466147    | -17659.44    
01/24/2025 19:09:56    361    | -17659.22    9.536743e-05 0.03348108    | -17659.21    
01/24/2025 19:09:56    362    | -17658.29    3.814697e-06 0.069995      | -17658.29    
01/24/2025 19:09:56    363    | -17659.74    0.006729126  0.03209722    | -17659.66    
01/24/2025 19:09:56    364    | -17659.44    0.0002441406 0.04732984    | -17659.43    
01/24/2025 19:09:56    365    | -17659.72    0.01031494   0.02963158    | -17659.62    
01/24/2025 19:09:56    366    | -17659.17    0.00440979   0.03466022    | -17659.1     
01/24/2025 19:09:56    367    | -17659.24    0.00390625   0.03607855    | -17659.18    
01/24/2025 19:09:56    368    | -17659.45    0.01816177   0.1044662     | -17659.32    
01/24/2025 19:09:56    369    | -17659.86    0.006103516  0.02388445    | -17659.78    
01/24/2025 19:09:56    370    | -17659.22    0.0008583069 0.0300721     | -17659.2     
01/24/2025 19:09:56    371    | -17660.09    0.007724762  0.01410689    | -17660       
01/24/2025 19:09:57    372    | -17660.02    0.01283264   0.01613226    | -17659.9     
01/24/2025 19:09:57    373    | -17659.77    0.01661682   0.04360611    | -17659.64    
01/24/2025 19:09:57    374    | -17659.53    0.0282135    0.03329315    | -17659.36    
01/24/2025 19:09:57    375    | -17659.38    0.04125977   0.02589881    | -17659.18    
01/24/2025 19:09:57    376    | -17659.47    0.01712418   0.03765014    | -17659.34    
01/24/2025 19:09:57    377    | -17659.22    0.007385254  0.02875629    | -17659.14    
01/24/2025 19:09:57    378    | -17659.65    0.0007476807 0.01699344    | -17659.62    
01/24/2025 19:09:57    379    | -17659.09    0.00440979   0.02140181    | -17659.02    
01/24/2025 19:09:57    380    | -17660.04    0.01514053   0.07018302    | -17659.92    
01/24/2025 19:09:57    381    | -17659.42    3.433228e-05 0.04800573    | -17659.43    
01/24/2025 19:09:57    382    | -17659.31    0.01071548   0.05865381    | -17659.21    
01/24/2025 19:09:57    383    | -17659.82    6.103516e-05 0.02328406    | -17659.82    
01/24/2025 19:09:57    384    | -17659.69    0.001682281  0.01731998    | -17659.64    
01/24/2025 19:09:57    385    | -17659.92    0.006729126  0.01934307    | -17659.84    
01/24/2025 19:09:57    386    | -17659.83    0.01283264   0.01666894    | -17659.72    
01/24/2025 19:09:57    387    | -17659.91    0.001235962  0.03297101    | -17659.88    
01/24/2025 19:09:57    388    | -17659.41    0.05401993   0.03151895    | -17659.18    
01/24/2025 19:09:57    389    | -17659.47    0.008789062  0.03111755    | -17659.38    
01/24/2025 19:09:57    390    | -17659.43    0.01816177   0.02970442    | -17659.3     
01/24/2025 19:09:57    391    | -17659.75    0.01239395   0.04069486    | -17659.64    
01/24/2025 19:09:57    392    | -17659.55    0.002780914  0.01819324    | -17659.5     
01/24/2025 19:09:57    393    | -17659.68    0.01373291   0.02477938    | -17659.57    
01/24/2025 19:09:57    394    | -17659.66    1.525879e-05 0.01972307    | -17659.66    
01/24/2025 19:09:57    395    | -17659.79    0.006729126  0.03693469    | -17659.71    
01/24/2025 19:09:57    396    | -17659.7     0.006729126  0.02621689    | -17659.61    
01/24/2025 19:09:57    397    | -17659.77    0.0146637    0.01825855    | -17659.65    
01/24/2025 19:09:57    398    | -17660       0.007053375  0.02551878    | -17659.91    
01/24/2025 19:09:57    399    | -17659.73    0.002578735  0.02207685    | -17659.68    
01/24/2025 19:09:57    400    | -17659.78    0.009536743  0.01372031    | -17659.68    
01/24/2025 19:09:57    401    | -17659.83    0.002578735  0.02169563    | -17659.78    
01/24/2025 19:09:57    402    | -17659.48    0.04367447   0.03080138    | -17659.27    
01/24/2025 19:09:57    403    | -17659.32    0.0161171    0.03003738    | -17659.19    
01/24/2025 19:09:57    404    | -17659.77    0.03299332   0.02363754    | -17659.58    
01/24/2025 19:09:57    405    | -17659.67    0.02502823   0.02319837    | -17659.51    
01/24/2025 19:09:57    406    | -17659.78    0.009922028  0.02604623    | -17659.68    
01/24/2025 19:09:57    407    | -17659.38    0.001235962  0.01979025    | -17659.35    
01/24/2025 19:09:57    408    | -17659.92    0.01816177   0.04191144    | -17659.79    
01/24/2025 19:09:57    409    | -17659.33    0.01514053   0.1888873     | -17659.2     
01/24/2025 19:09:57    410    | -17659.83    0.01869202   0.03341415    | -17659.69    
01/24/2025 19:09:57    411    | -17659.55    0.01869202   0.03191305    | -17659.41    
01/24/2025 19:09:57    412    | -17659.04    0.009159088  0.03874163    | -17658.95    
01/24/2025 19:09:57    413    | -17658.89    0.0001869202 0.04049081    | -17658.88    
01/24/2025 19:09:57    414    | -17659.32    0.02320862   0.0331151     | -17659.17    
01/24/2025 19:09:57    415    | -17659.58    0.01977539   0.02175297    | -17659.44    
01/24/2025 19:09:57    416    | -17659.23    0.005802155  0.03814406    | -17659.15    
01/24/2025 19:09:57    417    | -17659.8     0.004154205  0.01835839    | -17659.73    
01/24/2025 19:09:57    418    | -17659.78    0.001525879  0.05715282    | -17659.74    
01/24/2025 19:09:57    419    | -17659.38    0.01419449   0.03034757    | -17659.26    
01/24/2025 19:09:57    420    | -17659.48    0.02088928   0.0220273     | -17659.34    
01/24/2025 19:09:57    421    | -17659.72    0.02954102   0.02958969    | -17659.55    
01/24/2025 19:09:57    422    | -17659.62    0.01712418   0.02079005    | -17659.49    
01/24/2025 19:09:57    423    | -17659.47    0.0003814697 0.02169371    | -17659.45    
01/24/2025 19:09:57    424    | -17659.31    0.002578735  0.0386516     | -17659.26    
01/24/2025 19:09:58    425    | -17659.09    0.0003089905 0.03393926    | -17659.08    
01/24/2025 19:09:58    426    | -17659.68    0.02261734   0.02408946    | -17659.53    
01/24/2025 19:09:58    427    | -17659.98    0.01514053   0.01518261    | -17659.85    
01/24/2025 19:09:58    428    | -17659.31    0.03515625   0.044429      | -17659.12    
01/24/2025 19:09:58    429    | -17659.46    0.02145767   0.04308831    | -17659.32    
01/24/2025 19:09:58    430    | -17659.64    0.02145767   0.02078778    | -17659.5     
01/24/2025 19:09:58    431    | -17659.63    0.01153946   0.02007568    | -17659.53    
01/24/2025 19:09:58    432    | -17659.11    3.814697e-06 0.02916177    | -17659.11    
01/24/2025 19:09:58    433    | -17659.82    0.006729126  0.02083219    | -17659.74    
01/24/2025 19:09:58    434    | -17658.95    0.009922028  0.03306162    | -17658.85    
01/24/2025 19:09:58    435    | -17659.61    6.103516e-05 0.04971155    | -17659.6     
01/24/2025 19:09:58    436    | -17659.14    6.103516e-05 0.05123118    | -17659.13    
01/24/2025 19:09:58    437    | -17659.12    0.07584      0.05371203    | -17659.4     
01/24/2025 19:09:58    438    | -17659.56    0.0001373291 0.02714696    | -17659.57    
01/24/2025 19:09:58    439    | -17659.76    0.01514053   0.04387763    | -17659.64    
01/24/2025 19:09:58    440    | -17659.32    0.03021622   0.04795663    | -17659.15    
01/24/2025 19:09:58    441    | -17659.11    0.002578735  0.0242429     | -17659.06    
01/24/2025 19:09:58    442    | -17659.63    0.007724762  0.02407608    | -17659.54    
01/24/2025 19:09:58    443    | -17659.16    0.006103516  0.03793041    | -17659.09    
01/24/2025 19:09:58    444    | -17659.98    0.001846313  0.0301479     | -17659.94    
01/24/2025 19:09:58    445    | -17659.78    0.005508423  0.01844358    | -17659.7     
01/24/2025 19:09:58    446    | -17659.95    0.04700089   0.06069057    | -17659.73    
01/24/2025 19:09:58    447    | -17659.78    0.002990723  0.02483725    | -17659.72    
01/24/2025 19:09:58    448    | -17659.8     0.01977539   0.03069318    | -17659.66    
01/24/2025 19:09:58    449    | -17659.75    0.005222321  0.01755458    | -17659.68    
01/24/2025 19:09:58    450    | -17659.48    0.02203369   0.0362587     | -17659.33    
01/24/2025 19:09:58    451    | -17659.56    0.009922028  0.0192957     | -17659.46    
01/24/2025 19:09:58    452    | -17659.79    0.01922989   0.04453467    | -17659.65    
01/24/2025 19:09:58    453    | -17658.92    0.0002441406 0.04131503    | -17658.9     
01/24/2025 19:09:58    454    | -17659.36    0.01816177   0.03992112    | -17659.23    
01/24/2025 19:09:58    455    | -17659.75    0.01922989   0.03138917    | -17659.61    
01/24/2025 19:09:58    456    | -17659.8     0.003665924  0.02343554    | -17659.74    
01/24/2025 19:09:58    457    | -17659.43    0.008426666  0.03667282    | -17659.34    
01/24/2025 19:09:58    458    | -17659.79    0.00390625   0.01438214    | -17659.73    
01/24/2025 19:09:58    459    | -17659.14    9.536743e-05 0.03377325    | -17659.13    
01/24/2025 19:09:58    460    | -17658.89    0.007053375  0.0309988     | -17658.98    
01/24/2025 19:09:58    461    | -17659.72    0.01071548   0.02395573    | -17659.62    
01/24/2025 19:09:58    462    | -17659.01    0.01153946   0.03366607    | -17658.9     
01/24/2025 19:09:58    463    | -17659.69    0.0008583069 0.0213086     | -17659.66    
01/24/2025 19:09:58    464    | -17659.31    0.0003089905 0.05032425    | -17659.3     
01/24/2025 19:09:58    465    | -17659.88    0.008071899  0.02790274    | -17659.79    
01/24/2025 19:09:58    466    | -17659.01    0.002578735  0.0487386     | -17659.06    
01/24/2025 19:09:58    467    | -17659.55    0.0007476807 0.01759264    | -17659.52    
01/24/2025 19:09:58    468    | -17659.11    0.006103516  0.04803354    | -17659.03    
01/24/2025 19:09:58    469    | -17659.49    0.01661682   0.02604965    | -17659.37    
01/24/2025 19:09:58    470    | -17659.7     0.005222321  0.03296608    | -17659.62    
01/24/2025 19:09:58    471    | -17659.83    9.536743e-05 0.04228712    | -17659.82    
01/24/2025 19:09:58    472    | -17659.54    0.002384186  0.06286273    | -17659.49    
01/24/2025 19:09:58    473    | -17659.37    0.03299332   0.0543039     | -17659.19    
01/24/2025 19:09:59    474    | -17659.64    0.015625     0.02837167    | -17659.51    
01/24/2025 19:09:59    475    | -17659.62    0.0006446838 0.03928595    | -17659.59    
01/24/2025 19:09:59    476    | -17659.18    9.536743e-05 0.02055269    | -17659.17    
01/24/2025 19:09:59    477    | -17659.43    0.001525879  0.02615262    | -17659.39    
01/24/2025 19:09:59    478    | -17659.65    0.07055664   0.4233969     | -17659.38    
01/24/2025 19:09:59    479    | -17659.97    0.001377106  0.02280616    | -17659.93    
01/24/2025 19:09:59    480    | -17659.96    0.03663635   0.01861987    | -17659.77    
01/24/2025 19:09:59    481    | -17659.32    0.002017975  0.04967646    | -17659.27    
01/24/2025 19:09:59    482    | -17659.28    0.01239395   0.04363926    | -17659.16    
01/24/2025 19:09:59    483    | -17659.41    9.536743e-05 0.03451874    | -17659.42    
01/24/2025 19:09:59    484    | -17659.64    0.004943848  0.02528857    | -17659.57    
01/24/2025 19:09:59    485    | -17659.63    0.0004615784 0.02645262    | -17659.65    
01/24/2025 19:09:59    486    | -17659.33    0.0002441406 0.02764908    | -17659.35    
01/24/2025 19:09:59    487    | -17659.69    0.0009765625 0.04641642    | -17659.72    
01/24/2025 19:09:59    488    | -17659.77    0.01327896   0.02157416    | -17659.65    
01/24/2025 19:09:59    489    | -17659.72    0.01071548   0.02332068    | -17659.62    
01/24/2025 19:09:59    490    | -17659.36    0.006729126  0.03212784    | -17659.28    
01/24/2025 19:09:59    491    | -17659.37    0.02380753   0.02470089    | -17659.21    
01/24/2025 19:09:59    492    | -17659.41    0.00390625   0.04366723    | -17659.34    
01/24/2025 19:09:59    493    | -17659.42    0.0008583069 0.06063529    | -17659.39    
01/24/2025 19:09:59    494    | -17659.49    0.002578735  0.03105274    | -17659.44    
01/24/2025 19:09:59    495    | -17660.09    0.005222321  0.01420525    | -17660.01    
01/24/2025 19:09:59    496    | -17659.94    0.003665924  0.02188055    | -17659.88    
01/24/2025 19:09:59    497    | -17659.48    0.015625     0.02274746    | -17659.36    
01/24/2025 19:09:59    498    | -17659.8     0.002384186  0.02713223    | -17659.76    
01/24/2025 19:09:59    499    | -17659.66    0.01419449   0.02813203    | -17659.54    
01/24/2025 19:09:59    500    | -17659.12    0.03814697   0.06902504    | -17658.92    
01/24/2025 19:09:59    501    | -17659.6     0.01977539   0.02075133    | -17659.46    
01/24/2025 19:09:59    502    | -17659.71    0.001682281  0.02003276    | -17659.67    
01/24/2025 19:09:59    503    | -17659.98    0.02887344   0.01389431    | -17659.81    
01/24/2025 19:09:59    504    | -17660.09    0.007053375  0.02254733    | -17660.01    
01/24/2025 19:09:59    505    | -17659.1     0.02032852   0.08793364    | -17658.96    
01/24/2025 19:09:59    506    | -17660.03    0.0161171    0.03200687    | -17659.9     
01/24/2025 19:09:59    507    | -17659.41    0.01514053   0.05966134    | -17659.29    
01/24/2025 19:09:59    508    | -17659.63    0.02502823   0.04869108    | -17659.47    
01/24/2025 19:09:59    509    | -17659.15    0.0001869202 0.06558203    | -17659.17    
01/24/2025 19:09:59    510    | -17659.56    0.02380753   0.02486851    | -17659.41    
01/24/2025 19:09:59    511    | -17659.73    0.01712418   0.02034276    | -17659.6     
01/24/2025 19:09:59    512    | -17659.41    0.0001869202 0.054018      | -17659.43    
01/24/2025 19:09:59    513    | -17659.58    0.01327896   0.01528058    | -17659.47    
01/24/2025 19:09:59    514    | -17659.21    0.0005493164 0.04803478    | -17659.19    
01/24/2025 19:09:59    515    | -17659.7     0.00390625   0.02110898    | -17659.64    
01/24/2025 19:09:59    516    | -17659.56    0.001235962  0.01799106    | -17659.53    
01/24/2025 19:09:59    517    | -17659.09    0.006729126  0.03162088    | -17659       
01/24/2025 19:09:59    518    | -17659.19    0.007724762  0.03460689    | -17659.11    
01/24/2025 19:09:59    519    | -17659.26    0.009922028  0.06632562    | -17659.16    
01/24/2025 19:09:59    520    | -17658.96    0.006412506  0.01523142    | -17658.88    
01/24/2025 19:09:59    521    | -17659.82    0.02145767   0.02261324    | -17659.68    
01/24/2025 19:09:59    522    | -17659.62    0.02380753   0.03028343    | -17659.47    
01/24/2025 19:09:59    523    | -17659.54    0.03814697   0.02370235    | -17659.34    
01/24/2025 19:09:59    524    | -17659.32    0.002197266  0.05987417    | -17659.37    
01/24/2025 19:09:59    525    | -17659.56    0.004943848  0.02235231    | -17659.49    
01/24/2025 19:10:00    526    | -17659.12    0.0006446838 0.05100949    | -17659.15    
01/24/2025 19:10:00    527    | -17659.74    9.536743e-05 0.02080427    | -17659.75    
01/24/2025 19:10:00    528    | -17659.42    0.01031494   0.03804726    | -17659.31    
01/24/2025 19:10:00    529    | -17659.68    0.01283264   0.02744672    | -17659.57    
01/24/2025 19:10:00    530    | -17659.73    0.0001373291 0.03609538    | -17659.74    
01/24/2025 19:10:00    531    | -17660.17    0.008071899  0.01403864    | -17660.08    
01/24/2025 19:10:00    532    | -17659.62    0.01327896   0.02378198    | -17659.5     
01/24/2025 19:10:00    533    | -17659.83    0.001525879  0.03242164    | -17659.79    
01/24/2025 19:10:00    534    | -17659.04    9.536743e-05 0.0587741     | -17659.05    
01/24/2025 19:10:00    535    | -17659.39    0.002990723  0.02769005    | -17659.45    
01/24/2025 19:10:00    536    | -17659.28    0.002578735  0.06237036    | -17659.22    
01/24/2025 19:10:00    537    | -17659.72    3.433228e-05 0.03113594    | -17659.73    
01/24/2025 19:10:00    538    | -17659.69    0.015625     0.02073624    | -17659.57    
01/24/2025 19:10:00    539    | -17659.5     0.009922028  0.02694195    | -17659.4     
01/24/2025 19:10:00    540    | -17659.21    0.03021622   0.04419954    | -17659.04    
01/24/2025 19:10:00    541    | -17659.76    0.03158951   0.01955945    | -17659.58    
01/24/2025 19:10:00    542    | -17659.72    0.02320862   0.02631187    | -17659.57    
01/24/2025 19:10:00    543    | -17659.59    0.02088928   0.02523389    | -17659.44    
01/24/2025 19:10:00    544    | -17659.52    0.01514053   0.04929072    | -17659.4     
01/24/2025 19:10:00    545    | -17659.8     0.03158951   0.02905168    | -17659.62    
01/24/2025 19:10:00    546    | -17659.49    0.04286194   0.05984093    | -17659.29    
01/24/2025 19:10:00    547    | -17659.64    0.008426666  0.02704605    | -17659.55    
01/24/2025 19:10:00    548    | -17659.39    0.0002441406 0.03912225    | -17659.38    
01/24/2025 19:10:00    549    | -17659.48    0.009536743  0.01637271    | -17659.38    
01/24/2025 19:10:00    550    | -17659.74    0.01239395   0.02358384    | -17659.63    
01/24/2025 19:10:00    551    | -17659.9     0.0006446838 0.01600213    | -17659.88    
01/24/2025 19:10:00    552    | -17659.81    0.006103516  0.01578146    | -17659.73    
01/24/2025 19:10:00    553    | -17659.59    0.006729126  0.01939561    | -17659.51    
01/24/2025 19:10:00    554    | -17659.35    0.001525879  0.0532884     | -17659.31    
01/24/2025 19:10:00    555    | -17659.85    0.01196289   0.01535102    | -17659.74    
01/24/2025 19:10:00    556    | -17659.81    0.004943848  0.02561427    | -17659.74    
01/24/2025 19:10:00    557    | -17659.09    0.01661682   0.04329713    | -17658.96    
01/24/2025 19:10:00    558    | -17659.38    0.003433228  0.05686426    | -17659.32    
01/24/2025 19:10:00    559    | -17659.18    0.02954102   0.03119651    | -17659.01    
01/24/2025 19:10:00    560    | -17659.62    0.01977539   0.016217      | -17659.48    
01/24/2025 19:10:00    561    | -17659.97    0.01153946   0.05878848    | -17659.86    
01/24/2025 19:10:00    562    | -17659.73    0.009536743  0.03289323    | -17659.64    
01/24/2025 19:10:00    563    | -17659.51    0.03814697   0.01923323    | -17659.32    
01/24/2025 19:10:00    564    | -17659.56    0.03299332   0.09770954    | -17659.38    
01/24/2025 19:10:00    565    | -17659.43    0.006103516  0.01560161    | -17659.35    
01/24/2025 19:10:00    566    | -17659.22    0.01112366   0.03953553    | -17659.12    
01/24/2025 19:10:00    567    | -17659.49    0.01283264   0.02190921    | -17659.38    
01/24/2025 19:10:00    568    | -17659.45    0.0952301    0.06015739    | -17659.14    
01/24/2025 19:10:00    569    | -17659.61    0.02441406   0.02384014    | -17659.45    
01/24/2025 19:10:00    570    | -17659.98    3.433228e-05 0.01648122    | -17659.98    
01/24/2025 19:10:00    571    | -17659.47    0.002384186  0.02650995    | -17659.42    
01/24/2025 19:10:00    572    | -17659.41    0.00390625   0.03020814    | -17659.34    
01/24/2025 19:10:00    573    | -17659.1     0.01071548   0.03041713    | -17659       
01/24/2025 19:10:00    574    | -17659.63    0.01112366   0.04214532    | -17659.74    
01/24/2025 19:10:00    575    | -17659.54    0.005508423  0.03795569    | -17659.46    
01/24/2025 19:10:01    576    | -17659.62    0.002990723  0.02042591    | -17659.57    
01/24/2025 19:10:01    577    | -17659.21    0.02954102   0.03592354    | -17659.04    
01/24/2025 19:10:01    578    | -17659.36    0.002017975  0.0247854     | -17659.32    
01/24/2025 19:10:01    579    | -17659.45    0.02032852   0.04190531    | -17659.3     
01/24/2025 19:10:01    580    | -17659.38    0.004943848  0.03983243    | -17659.31    
01/24/2025 19:10:01    581    | -17659.63    6.103516e-05 0.02473642    | -17659.63    
01/24/2025 19:10:01    582    | -17659.5     0.01196289   0.02550653    | -17659.39    
01/24/2025 19:10:01    583    | -17659.5     0.005508423  0.02579537    | -17659.43    
01/24/2025 19:10:01    584    | -17659.41    0.003433228  0.02031248    | -17659.35    
01/24/2025 19:10:01    585    | -17660.09    0.01869202   0.01891354    | -17659.95    
01/24/2025 19:10:01    586    | -17659.61    0.0161171    0.02143889    | -17659.48    
01/24/2025 19:10:01    587    | -17659.57    0.0005493164 0.04824295    | -17659.54    
01/24/2025 19:10:01    588    | -17659.3     0.003433228  0.08234045    | -17659.24    
01/24/2025 19:10:01    589    | -17659.75    0.02032852   0.02817793    | -17659.61    
01/24/2025 19:10:01    590    | -17659.71    0.01869202   0.02375915    | -17659.57    
01/24/2025 19:10:01    591    | -17659.59    0.02032852   0.02932558    | -17659.44    
01/24/2025 19:10:01    592    | -17659.63    0.02032852   0.0384471     | -17659.49    
01/24/2025 19:10:01    593    | -17659.65    0.0002441406 0.02039841    | -17659.63    
01/24/2025 19:10:01    594    | -17659.26    0.01327896   0.03990307    | -17659.37    
01/24/2025 19:10:01    595    | -17659.22    0.001102448  0.02739917    | -17659.18    
01/24/2025 19:10:01    596    | -17660.03    0.006103516  0.01772806    | -17660.11    
01/24/2025 19:10:01    597    | -17660       0.00390625   0.02768369    | -17660.06    
01/24/2025 19:10:01    598    | -17659.94    0.002780914  0.02437176    | -17659.89    
01/24/2025 19:10:01    599    | -17659.99    0.01153946   0.02717063    | -17659.88    
01/24/2025 19:10:01    600    | -17659.94    0.001377106  0.01598617    | -17659.98    
01/24/2025 19:10:01    601    | -17659.13    0.04205704   0.03966783    | -17658.93    
01/24/2025 19:10:01    602    | -17659.91    0.0006446838 0.02783974    | -17659.89    
01/24/2025 19:10:01    603    | -17659.51    0.0007476807 0.01713283    | -17659.54    
01/24/2025 19:10:01    604    | -17659.43    0.002197266  0.07380456    | -17659.38    
01/24/2025 19:10:01    605    | -17659.34    0.01031494   0.03046266    | -17659.23    
01/24/2025 19:10:01    606    | -17659.1     0.01196289   0.03610229    | -17658.99    
01/24/2025 19:10:01    607    | -17658.88    0.0269165    0.0762021     | -17658.72    
01/24/2025 19:10:01    608    | -17660.04    0.00320816   0.02070988    | -17659.98    
01/24/2025 19:10:01    609    | -17659.96    0.006729126  0.01862505    | -17659.88    
01/24/2025 19:10:01    610    | -17659.23    0.009922028  0.03876336    | -17659.13    
01/24/2025 19:10:01    611    | -17659.21    0.0009765625 0.03370884    | -17659.18    
01/24/2025 19:10:01    612    | -17659.52    0.004943848  0.02431824    | -17659.45    
01/24/2025 19:10:01    613    | -17659.73    3.433228e-05 0.02715754    | -17659.73    
01/24/2025 19:10:01    614    | -17659.54    0.007385254  0.06884032    | -17659.46    
01/24/2025 19:10:01    615    | -17659.18    0.0282135    0.1335139     | -17659.01    
01/24/2025 19:10:01    616    | -17659.24    0.001846313  0.03926985    | -17659.29    
01/24/2025 19:10:01    617    | -17659.21    0.02565002   0.04681569    | -17659.05    
01/24/2025 19:10:01    618    | -17659.67    0.01869202   0.01517799    | -17659.53    
01/24/2025 19:10:01    619    | -17659.45    0.01071548   0.02735732    | -17659.35    
01/24/2025 19:10:01    620    | -17659.71    0.005802155  0.07907698    | -17659.63    
01/24/2025 19:10:01    621    | -17659.22    0.008426666  0.03890661    | -17659.13    
01/24/2025 19:10:01    622    | -17659.85    0.002990723  0.02678638    | -17659.8     
01/24/2025 19:10:01    623    | -17659.6     0.0003814697 0.02676454    | -17659.58    
01/24/2025 19:10:01    624    | -17660.01    0.0005493164 0.01064358    | -17660.04    
01/24/2025 19:10:01    625    | -17658.99    0.05865479   0.03881552    | -17658.75    
01/24/2025 19:10:01    626    | -17659.35    3.433228e-05 0.04758188    | -17659.34    
01/24/2025 19:10:01    627    | -17659.77    0.002017975  0.01553814    | -17659.73    
01/24/2025 19:10:02    628    | -17659.56    0.001846313  0.03265218    | -17659.6     
01/24/2025 19:10:02    629    | -17659.05    0.2035561    0.0630429     | -17659.5     
01/24/2025 19:10:02    630    | -17659.7     0.0009765625 0.02766293    | -17659.73    
01/24/2025 19:10:02    631    | -17659.04    0.001102448  0.07274682    | -17659.07    
01/24/2025 19:10:02    632    | -17659.67    0.04205704   0.02422165    | -17659.47    
01/24/2025 19:10:02    633    | -17658.84    0.2346191    0.0933196     | -17659.33    
01/24/2025 19:10:02    634    | -17659.71    0.01196289   0.02667727    | -17659.82    
01/24/2025 19:10:02    635    | -17658.84    0.005508423  0.05424497    | -17658.92    
01/24/2025 19:10:02    636    | -17659.31    0.01112366   0.05487927    | -17659.21    
01/24/2025 19:10:02    637    | -17659.33    0.01283264   0.04438542    | -17659.44    
01/24/2025 19:10:02    638    | -17659.36    0.0002441406 0.02644631    | -17659.37    
01/24/2025 19:10:02    639    | -17659.53    0.00440979   0.02645972    | -17659.46    
01/24/2025 19:10:02    640    | -17659.97    0.0001869202 0.01574021    | -17659.96    
01/24/2025 19:10:02    641    | -17659.63    0.004154205  0.05052079    | -17659.57    
01/24/2025 19:10:02    642    | -17659.34    0.002990723  0.03386528    | -17659.29    
01/24/2025 19:10:02    643    | -17659.46    0            0.02159391    | -17659.46    
01/24/2025 19:10:02    644    | -17659.71    0.0006446838 0.02406496    | -17659.69    
01/24/2025 19:10:02    645    | -17659.75    0.001682281  0.01867596    | -17659.79    
01/24/2025 19:10:02    646    | -17659.79    0.01031494   0.0155451     | -17659.69    
01/24/2025 19:10:02    647    | -17659.82    0.0007476807 0.02168292    | -17659.85    
01/24/2025 19:10:02    648    | -17659.73    0.01419449   0.02821165    | -17659.61    
01/24/2025 19:10:02    649    | -17659.12    6.103516e-05 0.07884552    | -17659.12    
01/24/2025 19:10:02    650    | -17659.22    0.01763916   0.04542587    | -17659.09    
01/24/2025 19:10:02    651    | -17659.73    0.001682281  0.01940242    | -17659.77    
01/24/2025 19:10:02    652    | -17659.3     0.00440979   0.03123837    | -17659.37    
01/24/2025 19:10:02    653    | -17659.39    0.03663635   0.02398684    | -17659.59    
01/24/2025 19:10:02    654    | -17658.59    0.004154205  0.1816317     | -17658.65    
01/24/2025 19:10:02    655    | -17659.22    0.01112366   0.03760633    | -17659.33    
01/24/2025 19:10:02    656    | -17659.65    0.004154205  0.05095397    | -17659.59    
01/24/2025 19:10:02    657    | -17659.04    0.0006446838 0.0320976     | -17659.06    
01/24/2025 19:10:02    658    | -17659.58    0.0003814697 0.01938076    | -17659.56    
01/24/2025 19:10:02    659    | -17658.98    0.006103516  0.06660493    | -17659.06    
01/24/2025 19:10:02    660    | -17659.11    0.003433228  0.05825315    | -17659.17    
01/24/2025 19:10:02    661    | -17658.49    0.01112366   0.05723533    | -17658.6     
01/24/2025 19:10:02    662    | -17660.01    0.006103516  0.02713515    | -17659.93    
01/24/2025 19:10:02    663    | -17659.83    0.0001869202 0.01344178    | -17659.81    
01/24/2025 19:10:02    664    | -17659.56    0.00320816   0.03028526    | -17659.62    
01/24/2025 19:10:02    665    | -17659.82    0.001682281  0.02134141    | -17659.86    
01/24/2025 19:10:02    666    | -17658.9     0.001235962  0.03482405    | -17658.86    
01/24/2025 19:10:02    667    | -17659.42    0.03738785   0.0383231     | -17659.23    
01/24/2025 19:10:02    668    | -17659.88    0.00390625   0.01335774    | -17659.82    
01/24/2025 19:10:02    669    | -17659.69    0.009922028  0.02397104    | -17659.59    
01/24/2025 19:10:02    670    | -17659.28    0.008789062  0.03385378    | -17659.18    
01/24/2025 19:10:02    671    | -17659.38    0.005508423  0.02783121    | -17659.3     
01/24/2025 19:10:02    672    | -17659.37    3.814697e-06 0.02302573    | -17659.37    
01/24/2025 19:10:02    673    | -17658.97    3.814697e-06 0.03250201    | -17658.97    
01/24/2025 19:10:02    674    | -17659.33    0.0146637    0.03184271    | -17659.21    
01/24/2025 19:10:02    675    | -17658.51    0.01283264   0.04845785    | -17658.62    
01/24/2025 19:10:02    676    | -17659.66    0.004943848  0.02024976    | -17659.73    
01/24/2025 19:10:02    677    | -17659.28    0.001525879  0.06487777    | -17659.24    
01/24/2025 19:10:02    678    | -17659.22    0.0003814697 0.02001058    | -17659.2     
01/24/2025 19:10:02    679    | -17659.49    0.002578735  0.01945414    | -17659.54    
01/24/2025 19:10:03    680    | -17659.26    0.04449463   0.08530904    | -17659.47    
01/24/2025 19:10:03    681    | -17659.12    0.001235962  0.02210768    | -17659.09    
01/24/2025 19:10:03    682    | -17660.01    0.003433228  0.01274716    | -17659.96    
01/24/2025 19:10:03    683    | -17659.49    0.00440979   0.04219067    | -17659.43    
01/24/2025 19:10:03    684    | -17659.71    0.005508423  0.01953953    | -17659.63    
01/24/2025 19:10:03    685    | -17659.7     0.02627945   0.02285492    | -17659.54    
01/24/2025 19:10:03    686    | -17659.61    0.006729126  0.07654929    | -17659.53    
01/24/2025 19:10:03    687    | -17659.77    0.02032852   0.0241109     | -17659.63    
01/24/2025 19:10:03    688    | -17659.06    0.02145767   0.1409363     | -17658.91    
01/24/2025 19:10:03    689    | -17659.51    0.01112366   0.04377032    | -17659.4     
01/24/2025 19:10:03    690    | -17659.48    0.04449463   0.04342985    | -17659.27    
01/24/2025 19:10:03    691    | -17659.55    0.05493164   0.05004693    | -17659.31    
01/24/2025 19:10:03    692    | -17659.36    0.01153946   0.04318209    | -17659.25    
01/24/2025 19:10:03    693    | -17659.7     0.04205704   0.04273522    | -17659.5     
01/24/2025 19:10:03    694    | -17660.2     0.008789062  0.01218658    | -17660.11    
01/24/2025 19:10:03    695    | -17659.81    0.002197266  0.02088769    | -17659.77    
01/24/2025 19:10:03    696    | -17659.49    0.00440979   0.02932897    | -17659.43    
01/24/2025 19:10:03    697    | -17659.89    0.01153946   0.01420997    | -17659.78    
01/24/2025 19:10:03    698    | -17659.72    0.00440979   0.02457481    | -17659.66    
01/24/2025 19:10:03    699    | -17659.5     0.01031494   0.02440643    | -17659.4     
01/24/2025 19:10:03    700    | -17659.58    0.005802155  0.03186772    | -17659.5     
01/24/2025 19:10:03    701    | -17659.7     0.0161171    0.02526754    | -17659.58    
01/24/2025 19:10:03    702    | -17659.44    0.03021622   0.02794704    | -17659.26    
01/24/2025 19:10:03    703    | -17659.62    0.0003814697 0.02560166    | -17659.6     
01/24/2025 19:10:03    704    | -17658.96    0.03814697   0.06505799    | -17659.15    
01/24/2025 19:10:03    705    | -17659.32    0.003433228  0.04166637    | -17659.38    
01/24/2025 19:10:03    706    | -17659.89    0.01419449   0.01912429    | -17659.77    
01/24/2025 19:10:03    707    | -17659.46    0.01153946   0.01926021    | -17659.35    
01/24/2025 19:10:03    708    | -17659.69    0.01196289   0.01818104    | -17659.58    
01/24/2025 19:10:03    709    | -17659.43    0.0006446838 0.02130382    | -17659.4     
01/24/2025 19:10:03    710    | -17658.61    0.0001869202 0.08490578    | -17658.62    
01/24/2025 19:10:03    711    | -17659.19    0.0005493164 0.03883569    | -17659.17    
01/24/2025 19:10:03    712    | -17659.5     0.0001373291 0.05393881    | -17659.52    
01/24/2025 19:10:03    713    | -17658.99    0.00320816   0.04263434    | -17658.93    
01/24/2025 19:10:03    714    | -17659.63    0.01071548   0.02656578    | -17659.53    
01/24/2025 19:10:03    715    | -17659.53    0.02627945   0.03557268    | -17659.36    
01/24/2025 19:10:03    716    | -17659.53    0.0009765625 0.03016973    | -17659.5     
01/24/2025 19:10:03    717    | -17659.41    0.0005493164 0.07627884    | -17659.39    
01/24/2025 19:10:03    718    | -17658.63    0.01153946   0.07014555    | -17658.52    
01/24/2025 19:10:03    719    | -17659.57    1.525879e-05 0.0211925     | -17659.57    
01/24/2025 19:10:03    720    | -17659.49    0.015625     0.04468571    | -17659.61    
01/24/2025 19:10:03    721    | -17659.56    0.0003814697 0.03291894    | -17659.58    
01/24/2025 19:10:03    722    | -17659.48    0.0001869202 0.02964794    | -17659.49    
01/24/2025 19:10:03    723    | -17659.38    0.004154205  0.08148377    | -17659.44    
01/24/2025 19:10:03    724    | -17659.37    0.007053375  0.02217148    | -17659.28    
01/24/2025 19:10:03    725    | -17659.5     0.01153946   0.02067197    | -17659.4     
01/24/2025 19:10:03    726    | -17659.53    0.001682281  0.03025653    | -17659.49    
01/24/2025 19:10:03    727    | -17660.04    0.009922028  0.01216015    | -17659.94    
01/24/2025 19:10:04    728    | -17659.64    0.002990723  0.01427479    | -17659.58    
01/24/2025 19:10:04    729    | -17659.77    0.008789062  0.02690643    | -17659.68    
01/24/2025 19:10:04    730    | -17659.99    0.01977539   0.01390666    | -17659.85    
01/24/2025 19:10:04    731    | -17660.01    0.01977539   0.01695344    | -17659.87    
01/24/2025 19:10:04    732    | -17659.72    0.0269165    0.01792252    | -17659.55    
01/24/2025 19:10:04    733    | -17660.18    0.02145767   0.01667919    | -17660.03    
01/24/2025 19:10:04    734    | -17659.84    0.02627945   0.03308065    | -17659.68    
01/24/2025 19:10:04    735    | -17658.91    0.03021622   0.02193604    | -17658.73    
01/24/2025 19:10:04    736    | -17659.14    0.004154205  0.0302851     | -17659.07    
01/24/2025 19:10:04    737    | -17659.61    0.001525879  0.02020754    | -17659.57    
01/24/2025 19:10:04    738    | -17659.57    0.04957581   0.04206327    | -17659.35    
01/24/2025 19:10:04    739    | -17660.21    0.01327896   0.01645014    | -17660.1     
01/24/2025 19:10:04    740    | -17659.61    0.02380753   0.03721074    | -17659.45    
01/24/2025 19:10:04    741    | -17659.09    0.02502823   0.05003142    | -17658.93    
01/24/2025 19:10:04    742    | -17659.97    0.01419449   0.01160364    | -17659.85    
01/24/2025 19:10:04    743    | -17659.46    0.0007476807 0.02542564    | -17659.43    
01/24/2025 19:10:04    744    | -17658.99    0.06446838   0.07855053    | -17658.74    
01/24/2025 19:10:04    745    | -17659.23    0.007385254  0.03980616    | -17659.15    
01/24/2025 19:10:04    746    | -17659.61    0.09765625   0.04233804    | -17659.3     
01/24/2025 19:10:04    747    | -17658.78    0.03515625   0.05569689    | -17658.59    
01/24/2025 19:10:04    748    | -17659.28    0.01869202   0.02339463    | -17659.14    
01/24/2025 19:10:04    749    | -17659.41    0.02502823   0.03496139    | -17659.25    
01/24/2025 19:10:04    750    | -17659.95    0.02441406   0.02429325    | -17659.8     
01/24/2025 19:10:04    751    | -17659.61    0.006103516  0.02579394    | -17659.53    
01/24/2025 19:10:04    752    | -17659.2     0.006412506  0.05003408    | -17659.12    
01/24/2025 19:10:04    753    | -17659.87    0.0007476807 0.02367466    | -17659.84    
01/24/2025 19:10:04    754    | -17659.04    0.03299332   0.03917835    | -17658.86    
01/24/2025 19:10:04    755    | -17659.42    0.0001373291 0.02357898    | -17659.44    
01/24/2025 19:10:04    756    | -17659.56    0.02565002   0.03406673    | -17659.4     
01/24/2025 19:10:04    757    | -17659.71    0.01112366   0.0354354     | -17659.6     
01/24/2025 19:10:04    758    | -17659.21    0.03442764   0.04412917    | -17659.02    
01/24/2025 19:10:04    759    | -17659.47    0.01661682   0.01854133    | -17659.34    
01/24/2025 19:10:04    760    | -17659.92    0.01763916   0.03580888    | -17659.79    
01/24/2025 19:10:04    761    | -17660.11    0.0146637    0.02071471    | -17659.99    
01/24/2025 19:10:04    762    | -17659.75    0.008071899  0.02547998    | -17659.66    
01/24/2025 19:10:04    763    | -17659.83    0.0007476807 0.01831104    | -17659.81    
01/24/2025 19:10:04    764    | -17658.84    0.002990723  0.05943953    | -17658.79    
01/24/2025 19:10:04    765    | -17660.16    0.02032852   0.01135356    | -17660.02    
01/24/2025 19:10:04    766    | -17659.47    0.00440979   0.01745246    | -17659.41    
01/24/2025 19:10:04    767    | -17659.99    0.01196289   0.01828006    | -17659.88    
01/24/2025 19:10:04    768    | -17659.82    0.009536743  0.01518293    | -17659.73    
01/24/2025 19:10:04    769    | -17659.69    0.01869202   0.02109798    | -17659.55    
01/24/2025 19:10:04    770    | -17660.16    0.01661682   0.0118024     | -17660.03    
01/24/2025 19:10:04    771    | -17658.93    0.0004615784 0.0456813     | -17658.91    
01/24/2025 19:10:04    772    | -17659.27    0.01239395   0.03740784    | -17659.16    
01/24/2025 19:10:04    773    | -17659.71    0.007385254  0.02474222    | -17659.63    
01/24/2025 19:10:04    774    | -17659.62    6.103516e-05 0.02929702    | -17659.61    
01/24/2025 19:10:05    775    | -17659.89    0.006729126  0.02720003    | -17659.81    
01/24/2025 19:10:05    776    | -17659.61    0.02032852   0.0465902     | -17659.47    
01/24/2025 19:10:05    777    | -17660.1     0.04870987   0.03681658    | -17659.88    
01/24/2025 19:10:05    778    | -17659.15    0.005802155  0.03815744    | -17659.08    
01/24/2025 19:10:05    779    | -17659.48    0.00440979   0.0234736     | -17659.41    
01/24/2025 19:10:05    780    | -17659.07    0.008426666  0.04474607    | -17658.98    
01/24/2025 19:10:05    781    | -17659.7     0.002578735  0.02663044    | -17659.65    
01/24/2025 19:10:05    782    | -17659.44    0.002990723  0.04348965    | -17659.49    
01/24/2025 19:10:05    783    | -17659.37    0.001377106  0.02387321    | -17659.4     
01/24/2025 19:10:05    784    | -17659.41    0.01514053   0.02950888    | -17659.53    
01/24/2025 19:10:05    785    | -17659.61    0.0003089905 0.02934043    | -17659.59    
01/24/2025 19:10:05    786    | -17659.15    0.002990723  0.114476      | -17659.09    
01/24/2025 19:10:05    787    | -17659.56    0.001377106  0.02125903    | -17659.53    
01/24/2025 19:10:05    788    | -17659.3     0.007385254  0.04126365    | -17659.22    
01/24/2025 19:10:05    789    | -17659.27    0.0001373291 0.04197089    | -17659.28    
01/24/2025 19:10:05    790    | -17659.08    0.006729126  0.06952236    | -17659.16    
01/24/2025 19:10:05    791    | -17659.27    1.525879e-05 0.02658669    | -17659.26    
01/24/2025 19:10:05    792    | -17659.37    3.814697e-06 0.03151148    | -17659.37    
01/24/2025 19:10:05    793    | -17659.2     0.00320816   0.03296683    | -17659.26    
01/24/2025 19:10:05    794    | -17659.6     0.02145767   0.09834387    | -17659.45    
01/24/2025 19:10:05    795    | -17659.82    0.006103516  0.01851105    | -17659.74    
01/24/2025 19:10:05    796    | -17659.65    0.00390625   0.02864628    | -17659.59    
01/24/2025 19:10:05    797    | -17659.58    0.002780914  0.02075423    | -17659.53    
01/24/2025 19:10:05    798    | -17659.87    0.0001869202 0.03234163    | -17659.89    
01/24/2025 19:10:05    799    | -17659.59    0.00320816   0.02335862    | -17659.54    
01/24/2025 19:10:05    800    | -17659.46    0.001846313  0.03346863    | -17659.42    
01/24/2025 19:10:05    801    | -17659.74    0.002017975  0.02210683    | -17659.78    
01/24/2025 19:10:05    802    | -17659.84    3.814697e-06 0.0158981     | -17659.84    
01/24/2025 19:10:05    803    | -17659.34    0.007724762  0.0393323     | -17659.25    
01/24/2025 19:10:05    804    | -17659.5     0.006103516  0.03337709    | -17659.58    
01/24/2025 19:10:05    805    | -17658.88    0.01712418   0.04983108    | -17659.01    
01/24/2025 19:10:05    806    | -17659.16    0.003665924  0.06289756    | -17659.1     
01/24/2025 19:10:05    807    | -17659.05    0.130558     0.1031205     | -17659.41    
01/24/2025 19:10:05    808    | -17659.33    0.001525879  0.06651702    | -17659.29    
01/24/2025 19:10:05    809    | -17659.39    0.008426666  0.02311283    | -17659.3     
01/24/2025 19:10:05    810    | -17659.49    0.02565002   0.02846568    | -17659.33    
01/24/2025 19:10:05    811    | -17659.22    0.015625     0.02836233    | -17659.09    
01/24/2025 19:10:05    812    | -17659.92    0.005802155  0.01530887    | -17659.84    
01/24/2025 19:10:05    813    | -17659.73    0.002780914  0.01438995    | -17659.68    
01/24/2025 19:10:05    814    | -17659.61    0.004154205  0.0365563     | -17659.54    
01/24/2025 19:10:05    815    | -17659.89    0            0.01775356    | -17659.89    
01/24/2025 19:10:05    816    | -17659.77    0.003665924  0.02210373    | -17659.71    
01/24/2025 19:10:05    817    | -17659.68    0.01816177   0.03477556    | -17659.55    
01/24/2025 19:10:05    818    | -17659.14    0.01239395   0.02716964    | -17659.03    
01/24/2025 19:10:05    819    | -17659.36    0.0322876    0.06910999    | -17659.54    
01/24/2025 19:10:05    820    | -17660.03    0.001682281  0.0205616     | -17659.98    
01/24/2025 19:10:05    821    | -17659.52    0.001102448  0.029159      | -17659.49    
01/24/2025 19:10:05    822    | -17659.98    0.004673004  0.01849635    | -17659.91    
01/24/2025 19:10:05    823    | -17659.95    0.0003814697 0.0157482     | -17659.97    
01/24/2025 19:10:06    824    | -17659.39    0.02627945   0.02702616    | -17659.23    
01/24/2025 19:10:06    825    | -17659.72    0.00440979   0.04304908    | -17659.65    
01/24/2025 19:10:06    826    | -17659.24    0.0003089905 0.03200321    | -17659.26    
01/24/2025 19:10:06    827    | -17659.25    0.0005493164 0.07885542    | -17659.23    
01/24/2025 19:10:06    828    | -17659.27    0.001525879  0.0265797     | -17659.31    
01/24/2025 19:10:06    829    | -17658.71    0.004154205  0.03786914    | -17658.64    
01/24/2025 19:10:06    830    | -17659.41    6.103516e-05 0.05344351    | -17659.42    
01/24/2025 19:10:06    831    | -17659.96    0.0001869202 0.03297718    | -17659.97    
01/24/2025 19:10:06    832    | -17659.37    0.0001869202 0.0177386     | -17659.38    
01/24/2025 19:10:06    833    | -17659.65    0.01373291   0.02840866    | -17659.54    
01/24/2025 19:10:06    834    | -17659.53    0.0001373291 0.02956395    | -17659.52    
01/24/2025 19:10:06    835    | -17659.67    0.002578735  0.03573096    | -17659.62    
01/24/2025 19:10:06    836    | -17659.83    0.02088928   0.08782199    | -17659.69    
01/24/2025 19:10:06    837    | -17659.97    0.0006446838 0.01990808    | -17659.95    
01/24/2025 19:10:06    838    | -17659.32    0.0002441406 0.03883925    | -17659.3     
01/24/2025 19:10:06    839    | -17659.69    0.005802155  0.02006811    | -17659.61    
01/24/2025 19:10:06    840    | -17659.86    0.01112366   0.03067432    | -17659.75    
01/24/2025 19:10:06    841    | -17659.31    0.007724762  0.04224781    | -17659.22    
01/24/2025 19:10:06    842    | -17659.29    0.01196289   0.02715922    | -17659.18    
01/24/2025 19:10:06    843    | -17659.26    0.03663635   0.1268256     | -17659.07    
01/24/2025 19:10:06    844    | -17659.91    0.005222321  0.01792064    | -17659.84    
01/24/2025 19:10:06    845    | -17659.33    0.06747818   0.1464982     | -17659.59    
01/24/2025 19:10:06    846    | -17659.85    0.003665924  0.03302323    | -17659.79    
01/24/2025 19:10:06    847    | -17659.34    0.006412506  0.03441992    | -17659.26    
01/24/2025 19:10:06    848    | -17659.74    0.005802155  0.03558248    | -17659.66    
01/24/2025 19:10:06    849    | -17659.41    0.003665924  0.0247533     | -17659.35    
01/24/2025 19:10:06    850    | -17659.82    0.004154205  0.02567066    | -17659.88    
01/24/2025 19:10:06    851    | -17659.68    0.002197266  0.03572926    | -17659.72    
01/24/2025 19:10:06    852    | -17659.85    0.006103516  0.02246518    | -17659.92    
01/24/2025 19:10:06    853    | -17659.1     0.007385254  0.1166701     | -17659.01    
01/24/2025 19:10:06    854    | -17659.75    3.814697e-06 0.01884614    | -17659.75    
01/24/2025 19:10:06    855    | -17660.34    0.00390625   0.02028107    | -17660.28    
01/24/2025 19:10:06    856    | -17659.96    0.002384186  0.02576542    | -17659.92    
01/24/2025 19:10:06    857    | -17659.29    0.01196289   0.04128143    | -17659.18    
01/24/2025 19:10:06    858    | -17659.11    0.002384186  0.02967578    | -17659.15    
01/24/2025 19:10:06    859    | -17659.21    0.007385254  0.05092601    | -17659.3     
01/24/2025 19:10:06    860    | -17659.4     0            0.03572991    | -17659.4     
01/24/2025 19:10:06    861    | -17659.7     0.0269165    0.02341676    | -17659.53    
01/24/2025 19:10:06    862    | -17659.61    3.814697e-06 0.02940001    | -17659.61    
01/24/2025 19:10:06    863    | -17659.65    0.02502823   0.02208659    | -17659.49    
01/24/2025 19:10:06    864    | -17659.64    0.01514053   0.02647907    | -17659.52    
01/24/2025 19:10:06    865    | -17659.67    0.02627945   0.03159654    | -17659.51    
01/24/2025 19:10:06    866    | -17659.73    0.01327896   0.01596974    | -17659.62    
01/24/2025 19:10:06    867    | -17659.33    0.02203369   0.03181856    | -17659.19    
01/24/2025 19:10:06    868    | -17659.89    0.01031494   0.02153033    | -17659.79    
01/24/2025 19:10:06    869    | -17659.35    0.03158951   0.02605195    | -17659.17    
01/24/2025 19:10:06    870    | -17659.68    0.002384186  0.0243484     | -17659.63    
01/24/2025 19:10:06    871    | -17659.73    0.02627945   0.02365712    | -17659.57    
01/24/2025 19:10:06    872    | -17659.21    0.03442764   0.0670853     | -17659.4     
01/24/2025 19:10:06    873    | -17659.56    0.02502823   0.0288038     | -17659.4     
01/24/2025 19:10:06    874    | -17659.49    0.015625     0.02831162    | -17659.37    
01/24/2025 19:10:07    875    | -17659.68    0.00320816   0.01914915    | -17659.73    
01/24/2025 19:10:07    876    | -17659.04    0.002990723  0.03126789    | -17658.99    
01/24/2025 19:10:07    877    | -17659.35    0.0008583069 0.03577947    | -17659.38    
01/24/2025 19:10:07    878    | -17659.69    0.01327896   0.02471506    | -17659.58    
01/24/2025 19:10:07    879    | -17659.97    0.009536743  0.01412982    | -17659.87    
01/24/2025 19:10:07    880    | -17659.58    0.01283264   0.02300245    | -17659.47    
01/24/2025 19:10:07    881    | -17660.05    0.0161171    0.01979724    | -17659.93    
01/24/2025 19:10:07    882    | -17659.7     0.0008583069 0.01918113    | -17659.67    
01/24/2025 19:10:07    883    | -17659.42    0.01922989   0.02307378    | -17659.28    
01/24/2025 19:10:07    884    | -17659.8     0.007053375  0.02344836    | -17659.71    
01/24/2025 19:10:07    885    | -17659.14    0.05133057   0.0452656     | -17658.91    
01/24/2025 19:10:07    886    | -17659.49    0.05585098   0.03590912    | -17659.25    
01/24/2025 19:10:07    887    | -17659.38    0.02088928   0.02090817    | -17659.24    
01/24/2025 19:10:07    888    | -17659.61    0.03891373   0.0300909     | -17659.42    
01/24/2025 19:10:07    889    | -17659.46    0.009922028  0.03901118    | -17659.36    
01/24/2025 19:10:07    890    | -17659.54    0.01153946   0.03348325    | -17659.43    
01/24/2025 19:10:07    891    | -17659.49    0.0322876    0.02603028    | -17659.31    
01/24/2025 19:10:07    892    | -17659.36    0.01071548   0.04386706    | -17659.26    
01/24/2025 19:10:07    893    | -17659.77    0.02032852   0.03787678    | -17659.63    
01/24/2025 19:10:07    894    | -17659.15    0.0001869202 0.08291291    | -17659.14    
01/24/2025 19:10:07    895    | -17659.43    0.0146637    0.03455199    | -17659.31    
01/24/2025 19:10:07    896    | -17659.25    0.03021622   0.03601428    | -17659.07    
01/24/2025 19:10:07    897    | -17659.58    0.01031494   0.05039541    | -17659.48    
01/24/2025 19:10:07    898    | -17659.61    0.005222321  0.0293605     | -17659.54    
01/24/2025 19:10:07    899    | -17659.58    0.02320862   0.02152657    | -17659.43    
01/24/2025 19:10:07    900    | -17659.63    0.01071548   0.02248885    | -17659.53    
01/24/2025 19:10:07    901    | -17659.32    0.002990723  0.03171122    | -17659.27    
01/24/2025 19:10:07    902    | -17659.81    0.004943848  0.02412256    | -17659.74    
01/24/2025 19:10:07    903    | -17659.34    0.009536743  0.08594916    | -17659.44    
01/24/2025 19:10:07    904    | -17659.52    0.001846313  0.02588367    | -17659.48    
01/24/2025 19:10:07    905    | -17659.57    0.002384186  0.02853318    | -17659.53    
01/24/2025 19:10:07    906    | -17659.28    0.00440979   0.04139225    | -17659.22    
01/24/2025 19:10:07    907    | -17659.7     0.002990723  0.01722301    | -17659.64    
01/24/2025 19:10:07    908    | -17659.49    0.02887344   0.03222917    | -17659.32    
01/24/2025 19:10:07    909    | -17659.63    0.02441406   0.03837179    | -17659.48    
01/24/2025 19:10:07    910    | -17660.15    0.004673004  0.01454177    | -17660.08    
01/24/2025 19:10:07    911    | -17659.61    0.003665924  0.02075466    | -17659.55    
01/24/2025 19:10:07    912    | -17659.25    0.00440979   0.0322247     | -17659.18    
01/24/2025 19:10:07    913    | -17659.74    0.01514053   0.02119201    | -17659.62    
01/24/2025 19:10:07    914    | -17660.06    0.04615784   0.02049334    | -17659.84    
01/24/2025 19:10:07    915    | -17659.37    0.05493164   0.03359438    | -17659.14    
01/24/2025 19:10:07    916    | -17659.17    0.002384186  0.04104547    | -17659.12    
01/24/2025 19:10:07    917    | -17658.83    0.00390625   0.04997054    | -17658.77    
01/24/2025 19:10:07    918    | -17659.63    0.004154205  0.04505992    | -17659.57    
01/24/2025 19:10:07    919    | -17659.68    0.003433228  0.03022547    | -17659.62    
01/24/2025 19:10:07    920    | -17659.32    0.004673004  0.02813279    | -17659.25    
01/24/2025 19:10:07    921    | -17659.23    0.006103516  0.04188803    | -17659.31    
01/24/2025 19:10:07    922    | -17659.71    0.0008583069 0.02612897    | -17659.74    
01/24/2025 19:10:07    923    | -17659.15    0.00320816   0.08359674    | -17659.09    
01/24/2025 19:10:07    924    | -17659.43    0.003433228  0.02439708    | -17659.37    
01/24/2025 19:10:07    925    | -17659.99    6.103516e-05 0.03699118    | -17660       
01/24/2025 19:10:08    926    | -17658.97    0.01661682   0.1018534     | -17658.84    
01/24/2025 19:10:08    927    | -17659.5     0.02441406   0.04704959    | -17659.34    
01/24/2025 19:10:08    928    | -17659.69    0.03968811   0.05601399    | -17659.49    
01/24/2025 19:10:08    929    | -17659.55    0.008071899  0.03960981    | -17659.46    
01/24/2025 19:10:08    930    | -17659.8     0.001102448  0.03561198    | -17659.84    
01/24/2025 19:10:08    931    | -17659.55    0.0146637    0.0433599     | -17659.43    
01/24/2025 19:10:08    932    | -17659.68    0.0002441406 0.01839792    | -17659.7     
01/24/2025 19:10:08    933    | -17659.23    0.007724762  0.03142999    | -17659.14    
01/24/2025 19:10:08    934    | -17659.71    0.03442764   0.04387801    | -17659.53    
01/24/2025 19:10:08    935    | -17659.5     0.05677795   0.03815626    | -17659.26    
01/24/2025 19:10:08    936    | -17659.42    0.01763916   0.04062679    | -17659.29    
01/24/2025 19:10:08    937    | -17659.57    0.02261734   0.02983357    | -17659.42    
01/24/2025 19:10:08    938    | -17659.29    0.03299332   0.0693534     | -17659.11    
01/24/2025 19:10:08    939    | -17659.89    0.008789062  0.02888993    | -17659.79    
01/24/2025 19:10:08    940    | -17660.26    0.006412506  0.02016426    | -17660.18    
01/24/2025 19:10:08    941    | -17659.91    0.02320862   0.05659008    | -17659.76    
01/24/2025 19:10:08    942    | -17659.34    0.04615784   0.09499487    | -17659.12    
01/24/2025 19:10:08    943    | -17659.54    0.015625     0.03821744    | -17659.41    
01/24/2025 19:10:08    944    | -17659.81    0.01419449   0.01875508    | -17659.69    
01/24/2025 19:10:08    945    | -17659.47    0.04532242   0.01466109    | -17659.26    
01/24/2025 19:10:08    946    | -17659.96    0.05311584   0.02457778    | -17659.72    
01/24/2025 19:10:08    947    | -17659.37    0.003665924  0.08393458    | -17659.3     
01/24/2025 19:10:08    948    | -17659.38    0.02441406   0.06039971    | -17659.22    
01/24/2025 19:10:08    949    | -17659.27    0.002780914  0.08367764    | -17659.32    
01/24/2025 19:10:08    950    | -17659.63    0.01196289   0.02430682    | -17659.52    
01/24/2025 19:10:08    951    | -17660.02    0.02502823   0.03166173    | -17659.86    
01/24/2025 19:10:08    952    | -17659.73    0.01712418   0.01755946    | -17659.6     
01/24/2025 19:10:08    953    | -17659.76    0.006103516  0.02051733    | -17659.68    
01/24/2025 19:10:08    954    | -17659.99    0.009159088  0.0247837     | -17659.89    
01/24/2025 19:10:08    955    | -17659.64    0.02380753   0.02099272    | -17659.49    
01/24/2025 19:10:08    956    | -17659.97    0.01196289   0.009200472   | -17659.87    
01/24/2025 19:10:08    957    | -17659.82    0.006729126  0.02097048    | -17659.74    
01/24/2025 19:10:08    958    | -17659.28    0.02887344   0.06922232    | -17659.11    
01/24/2025 19:10:08    959    | -17659.45    0.005508423  0.02600213    | -17659.38    
01/24/2025 19:10:08    960    | -17659.25    0.02203369   0.03320393    | -17659.1     
01/24/2025 19:10:08    961    | -17659.34    0.008426666  0.02716292    | -17659.25    
01/24/2025 19:10:08    962    | -17659.55    0.001525879  0.01742124    | -17659.51    
01/24/2025 19:10:08    963    | -17659.86    3.433228e-05 0.02123908    | -17659.87    
01/24/2025 19:10:08    964    | -17660.08    0.01763916   0.01992128    | -17659.95    
01/24/2025 19:10:08    965    | -17659.3     0.02756119   0.03417708    | -17659.14    
01/24/2025 19:10:08    966    | -17660.14    0.01419449   0.0242148     | -17660.02    
01/24/2025 19:10:08    967    | -17659.67    0.02261734   0.02250915    | -17659.52    
01/24/2025 19:10:08    968    | -17659.88    0.02565002   0.03518658    | -17659.72    
01/24/2025 19:10:08    969    | -17660.28    0.01977539   0.01547358    | -17660.14    
01/24/2025 19:10:08    970    | -17659.77    3.814697e-06 0.03276687    | -17659.77    
01/24/2025 19:10:08    971    | -17659.76    0.0146637    0.02936613    | -17659.64    
01/24/2025 19:10:08    972    | -17660.12    0.02380753   0.01408963    | -17659.97    
01/24/2025 19:10:08    973    | -17659.67    0.01373291   0.0312147     | -17659.55    
01/24/2025 19:10:09    974    | -17659.8     0.008789062  0.0180351     | -17659.71    
01/24/2025 19:10:09    975    | -17659.52    0.04785156   0.0324377     | -17659.3     
01/24/2025 19:10:09    976    | -17659.69    0.0952301    0.0270163     | -17659.38    
01/24/2025 19:10:09    977    | -17659.75    0.03089905   0.0270496     | -17659.58    
01/24/2025 19:10:09    978    | -17659.74    0.06646729   0.04631579    | -17659.48    
01/24/2025 19:10:09    979    | -17659.14    0.03158951   0.03332508    | -17658.96    
01/24/2025 19:10:09    980    | -17659.42    0.006412506  0.02139995    | -17659.34    
01/24/2025 19:10:09    981    | -17659.6     0.006729126  0.02441137    | -17659.52    
01/24/2025 19:10:09    982    | -17659.47    0.04449463   0.02598963    | -17659.26    
01/24/2025 19:10:09    983    | -17659.84    0.01816177   0.01285861    | -17659.71    
01/24/2025 19:10:09    984    | -17659.33    0.03589249   0.02402082    | -17659.14    
01/24/2025 19:10:09    985    | -17659.8     0.00390625   0.02164546    | -17659.74    
01/24/2025 19:10:09    986    | -17659.05    0.01153946   0.03086804    | -17658.94    
01/24/2025 19:10:09    987    | -17659.53    0.04700089   0.02660809    | -17659.31    
01/24/2025 19:10:09    988    | -17659.42    0.001525879  0.02167323    | -17659.38    
01/24/2025 19:10:09    989    | -17659.4     0.02203369   0.03952669    | -17659.25    
01/24/2025 19:10:09    990    | -17659.68    0.01712418   0.01873647    | -17659.55    
01/24/2025 19:10:09    991    | -17659.83    0.0282135    0.01775287    | -17659.67    
01/24/2025 19:10:09    992    | -17659.81    0.02203369   0.0138717     | -17659.66    
01/24/2025 19:10:09    993    | -17659.8     0.04205704   0.02800863    | -17659.59    
01/24/2025 19:10:09    994    | -17659.38    0.04957581   0.0393939     | -17659.15    
01/24/2025 19:10:09    995    | -17659.88    0.07910156   0.02528818    | -17659.6     
01/24/2025 19:10:09    996    | -17659.24    0.0002441406 0.03463519    | -17659.22    
01/24/2025 19:10:09    997    | -17659.76    0.005508423  0.03726305    | -17659.69    
01/24/2025 19:10:09    998    | -17659.48    0.004154205  0.05023263    | -17659.54    
01/24/2025 19:10:09    999    | -17659.72    0.02380753   0.03268286    | -17659.57    
------------------------------------------------------------------------------------------
MEAN_LOSS: 3.5998     
MEAN_LOSS(E): 0.013062   
MEAN_LOSS(F): 0.035867   
------------------------------------------------------------------------------------------

* NUMBER OF PARAMETERS: 
 - MODEL(TOTAL)   731072
 --- HIDDEN.      64x0e+64x1o+64x2e
 --- FEATS. DIM.  64
 --- RADI. BASIS. 8

* NUMBER OF "g" PER DATA:
                  None

* SEED NUMBER:
 - DATA_SEED      10
 - INIT_SEED      11

* DATA INFO:
 - N(TRAIN)       400
 - N(TEST)        100
 - BATCH          16
 - CUTOFF         4.5
 - AVG. NEIGH.    60

* ELAPSED TIME:
 - 0 DAYS, 0 HOURS, 0 MINUTES, and 24 SECONDS
 -- DAYS          0.000277777778 
 -- HOURS         0.00666666667  
 -- MINUTES       0.4            
 -- SECONDS       24             

