                               | TRAIN_____________________________| VALID_____________________________| 
MM/DD/YYYY HH/MM/SS    EPOCH   | LOSS       MSE_E      MSE_F       | LOSS       MSE_E      MSE_F       | LR   
--------------------------------------------------------------------------------------------------------------
01/24/2025 19:13:16    1       | 25.41      7.2011     0.18209     | 29.502     16.455     0.13047     | 0.001
01/24/2025 19:14:20    3       | 13.131     2.4371     0.10694     | 17.362     7.3762     0.099859    | 0.001
01/24/2025 19:15:23    5       | 11.424     1.8079     0.096156    | 14.296     5.0134     0.092822    | 0.001
--------------------------------------------------------------------------------------------------------------

* NUMBER OF PARAMETERS: 
 - MODEL(TOTAL)   620288
 --- HIDDEN.      64x0e+64x1o+64x2e
 --- FEATS. DIM.  64
 --- RADI. BASIS. 8

* NUMBER OF "g" PER DATA:
                  None

* SEED NUMBER:
 - DATA_SEED      10
 - INIT_SEED      11

* DATA INFO:
 - N(TRAIN)       693
 - N(TEST)        100
 - BATCH          16
 - CUTOFF         4.5
 - AVG. NEIGH.    60

* ELAPSED TIME:
 - 0 DAYS, 0 HOURS, 3 MINUTES, and 27 SECONDS
 -- DAYS          0.00239583333  
 -- HOURS         0.0575         
 -- MINUTES       3.45           
 -- SECONDS       207            

