                               | TRAIN_____________________________| VALID_____________________________| 
MM/DD/YYYY HH/MM/SS    EPOCH   | LOSS       MSE_E      MSE_F       | LOSS       MSE_E      MSE_F       | LR   
--------------------------------------------------------------------------------------------------------------
01/24/2025 19:04:17    1       | 57.715     0.086567   0.57629     | 44.852     0.026305   0.44826     | 0.001
01/24/2025 19:04:30    3       | 30.03      0.026166   0.30004     | 25.652     0.029069   0.25622     | 0.001
01/24/2025 19:04:44    5       | 16.072     0.034911   0.16037     | 14.266     0.013547   0.14253     | 0.001
01/24/2025 19:04:57    7       | 9.6799     0.030725   0.096492    | 8.1191     0.026127   0.080929    | 0.001
01/24/2025 19:05:10    9       | 6.0452     0.044933   0.060002    | 5.5312     0.015071   0.055161    | 0.001
01/24/2025 19:05:23    11      | 4.594      0.023893   0.045701    | 4.3546     0.031196   0.043234    | 0.001
01/24/2025 19:05:36    13      | 3.6313     0.017382   0.036139    | 3.5082     0.036155   0.03472     | 0.001
01/24/2025 19:05:49    15      | 2.9688     0.01912    0.029497    | 2.9238     0.051422   0.028724    | 0.001
01/24/2025 19:06:02    17      | 2.5443     0.01611    0.025282    | 2.501      0.012389   0.024886    | 0.001
01/24/2025 19:06:15    19      | 2.2643     0.012975   0.022514    | 2.2541     0.01388    0.022402    | 0.001
01/24/2025 19:06:28    21      | 2.0599     0.013058   0.020469    | 2.0685     0.020352   0.020481    | 0.001
01/24/2025 19:06:41    23      | 1.9005     0.014132   0.018864    | 1.921      0.025937   0.018951    | 0.001
01/24/2025 19:06:54    25      | 1.7702     0.014896   0.017553    | 1.7921     0.026107   0.01766     | 0.001
01/24/2025 19:07:07    27      | 1.6604     0.014753   0.016457    | 1.6779     0.022076   0.016558    | 0.001
01/24/2025 19:07:20    29      | 1.567      0.014019   0.015529    | 1.5769     0.016417   0.015605    | 0.001
01/24/2025 19:07:33    31      | 1.4867     0.012976   0.014737    | 1.4872     0.010758   0.014764    | 0.001
01/24/2025 19:07:46    33      | 1.4169     0.011755   0.014051    | 1.4071     0.0065271  0.014005    | 0.001
01/24/2025 19:07:59    35      | 1.3555     0.010541   0.013449    | 1.3358     0.0045918  0.013312    | 0.001
01/24/2025 19:08:12    37      | 1.3014     0.0096391  0.012918    | 1.2737     0.0050548  0.012686    | 0.001
01/24/2025 19:08:25    39      | 1.2548     0.009223   0.012456    | 1.2223     0.0067405  0.012156    | 0.001
01/24/2025 19:08:38    41      | 1.2148     0.0089856  0.012058    | 1.1797     0.0066738  0.01173     | 0.001
01/24/2025 19:08:51    43      | 1.179      0.0089386  0.0117      | 1.1422     0.0060212  0.011362    | 0.001
01/24/2025 19:09:04    45      | 1.1462     0.0090889  0.011371    | 1.1083     0.0053269  0.01103     | 0.001
01/24/2025 19:09:17    47      | 1.1161     0.0094056  0.011067    | 1.0773     0.0047516  0.010725    | 0.001
--------------------------------------------------------------------------------------------------------------

* NUMBER OF PARAMETERS: 
 - MODEL(TOTAL)   731072
 --- HIDDEN.      64x0e+64x1o+64x2e
 --- FEATS. DIM.  64
 --- RADI. BASIS. 8

* NUMBER OF "g" PER DATA:
                  None

* SEED NUMBER:
 - DATA_SEED      10
 - INIT_SEED      11

* DATA INFO:
 - N(TRAIN)       400
 - N(TEST)        100
 - BATCH          16
 - CUTOFF         4.5
 - AVG. NEIGH.    60

* ELAPSED TIME:
 - 0 DAYS, 0 HOURS, 5 MINUTES, and 24 SECONDS
 -- DAYS          0.00375        
 -- HOURS         0.09           
 -- MINUTES       5.4            
 -- SECONDS       324            

